2017-08-19 15:04:13,549 - os.name - Windows 10
2017-08-19 15:04:13,549 - os.arch - amd64
2017-08-19 15:04:13,549 - os.version - 10.0
2017-08-19 15:04:13,549 - java.version - 1.8.0_141
2017-08-19 15:04:13,549 - java.vendor - Oracle Corporation
2017-08-19 15:04:13,549 - java.vendor.url - http://java.oracle.com/
2017-08-19 15:04:13,549 - java.home - C:\Program Files\Java\jre1.8.0_141
2017-08-19 15:04:13,549 - java.vm.specification.name - Java Virtual Machine Specification
2017-08-19 15:04:13,549 - java.vm.specification.vendor - Oracle Corporation
2017-08-19 15:04:13,549 - java.vm.specification.version - 1.8
2017-08-19 15:04:13,549 - java.class.path - C:\Program Files (x86)\eclipse\\plugins/org.eclipse.equinox.launcher_1.3.201.v20161025-1711.jar
2017-08-19 15:04:13,549 - java.library.path - C:\Program Files (x86)\eclipse;C:\Windows\Sun\Java\bin;C:\Windows\system32;C:\Windows;C:/Program Files/Java/jre1.8.0_141/bin/server;C:/Program Files/Java/jre1.8.0_141/bin;C:/Program Files/Java/jre1.8.0_141/lib/amd64;C:\Program Files\Microsoft MPI\Bin\;C:\ProgramData\Oracle\Java\javapath;C:\Windows\system32;C:\Windows;C:\Windows\System32\Wbem;C:\Windows\System32\WindowsPowerShell\v1.0\;C:\Program Files\Java\jdk1.8.0_131\bin;C:\Program Files\Java\jre1.8.0_131\bin;C:\Program Files (x86)\Windows Kits\10\Windows Performance Toolkit\;C:\Program Files\Microsoft SQL Server\130\Tools\Binn\;C:\Program Files\dotnet\;C:\Users\NGUYENHOANGVANNHA\AppData\Local\Microsoft\WindowsApps;C:\adb;C:\Program Files\Git\cmd;C:\Program Files (x86)\Microsoft SQL Server\Client SDK\ODBC\130\Tools\Binn\;C:\Program Files (x86)\Microsoft SQL Server\140\Tools\Binn\;C:\Program Files (x86)\Microsoft SQL Server\140\DTS\Binn\;C:\Program Files (x86)\Microsoft SQL Server\140\Tools\Binn\ManagementStudio\;C:\Program Files (x86)\Microsoft SQL Server\130\Tools\Binn\;C:\Program Files (x86)\Microsoft SQL Server\130\DTS\Binn\;C:\Program Files\Microsoft SQL Server\130\DTS\Binn\;C:\Program Files\Microsoft SQL Server\Client SDK\ODBC\130\Tools\Binn\;C:\Users\NGUYENHOANGVANNHA\AppData\Local\Microsoft\WindowsApps;;C:\Program Files (x86)\Microsoft VS Code\bin;C:\Program Files (x86)\eclipse;;.
2017-08-19 15:04:13,549 - --------------------------------------
2017-08-19 15:04:13,549 - ## Eclipse Plug-ins Log Information ##
2017-08-19 15:04:13,549 - --------------------------------------
2017-08-19 15:04:13,596 - javax.el - 2.2.0.v201303151357
2017-08-19 15:04:13,596 - javax.servlet - 3.1.0.v201410161800
2017-08-19 15:04:13,596 - javax.servlet.jsp - 2.2.0.v201112011158
2017-08-19 15:04:13,596 - com.sun.el - 2.2.0.v201303151357
2017-08-19 15:04:13,596 - org.apache.commons.logging - 1.1.1.v201101211721
2017-08-19 15:04:13,596 - org.apache.jasper.glassfish - 2.2.2.v201501141630
2017-08-19 15:04:13,596 - org.apache.lucene.analysis - 3.5.0.v20120725-1805
2017-08-19 15:04:13,627 - org.apache.lucene.core - 3.5.0.v20120725-1805
2017-08-19 15:04:13,627 - org.eclipse.equinox.http.jetty - 3.3.0.v20160324-1850
2017-08-19 15:04:13,627 - org.eclipse.equinox.http.registry - 1.1.400.v20150715-1528
2017-08-19 15:04:13,627 - org.eclipse.equinox.http.servlet - 1.3.1.v20160808-1329
2017-08-19 15:04:13,627 - org.eclipse.equinox.jsp.jasper - 1.0.500.v20150119-1358
2017-08-19 15:04:13,627 - org.eclipse.equinox.jsp.jasper.registry - 1.0.300.v20130327-1442
2017-08-19 15:04:13,627 - org.eclipse.help.base - 4.1.2.v20170301-0400
2017-08-19 15:04:13,627 - org.eclipse.help.ui - 4.0.200.v20160510-0758
2017-08-19 15:04:13,627 - org.eclipse.help.webapp - 3.8.0.v20160504-0839
2017-08-19 15:04:13,627 - org.eclipse.jetty.continuation - 9.3.9.v20160517
2017-08-19 15:04:13,627 - org.eclipse.jetty.http - 9.3.9.v20160517
2017-08-19 15:04:13,643 - org.eclipse.jetty.io - 9.3.9.v20160517
2017-08-19 15:04:13,643 - org.eclipse.jetty.security - 9.3.9.v20160517
2017-08-19 15:04:13,643 - org.eclipse.jetty.server - 9.3.9.v20160517
2017-08-19 15:04:13,643 - org.eclipse.jetty.servlet - 9.3.9.v20160517
2017-08-19 15:04:13,643 - org.eclipse.jetty.util - 9.3.9.v20160517
2017-08-19 15:04:13,643 - org.eclipse.core.net - 1.3.0.v20160418-1534
2017-08-19 15:04:13,643 - org.eclipse.equinox.security - 1.2.200.v20150715-1528
2017-08-19 15:04:13,659 - org.eclipse.mylyn.bugzilla.core - 3.21.0.v20160909-1813
2017-08-19 15:04:13,659 - org.eclipse.mylyn.bugzilla.ui - 3.21.0.v20160909-1813
2017-08-19 15:04:13,659 - org.eclipse.andmore.hierarchyviewer - 0.5.0.201605181018
2017-08-19 15:04:13,659 - org.eclipse.sequoyah.device.backward - 2.1.0.N20120718-0509
2017-08-19 15:04:13,659 - org.eclipse.sequoyah.device.framework - 2.1.0.N20120718-0509
2017-08-19 15:04:13,659 - org.eclipse.sequoyah.device.framework.ui - 2.1.0.N20120718-0509
2017-08-19 15:04:13,659 - org.eclipse.sequoyah.device.service.start - 2.1.0.N20120718-0509
2017-08-19 15:04:13,659 - org.eclipse.sequoyah.device.service.stop - 2.1.0.N20120718-0509
2017-08-19 15:04:13,659 - org.eclipse.sequoyah.device.framework.wizard - 2.1.0.N20120718-0509
2017-08-19 15:04:13,674 - org.eclipse.buildship.core - 1.0.21.v20161010-1640
2017-08-19 15:04:13,674 - org.eclipse.buildship.ui - 1.0.21.v20161010-1640
2017-08-19 15:04:13,674 - org.eclipse.buildship.branding - 1.0.21.v20161010-1640
2017-08-19 15:04:13,674 - org.eclipse.buildship.stsmigration - 1.0.21.v20161010-1640
2017-08-19 15:04:13,690 - org.eclipse.egit.core - 4.6.1.201703071140-r
2017-08-19 15:04:13,690 - org.eclipse.egit.ui - 4.6.1.201703071140-r
2017-08-19 15:04:13,690 - org.eclipse.egit - 4.6.1.201703071140-r
2017-08-19 15:04:13,690 - org.eclipse.egit.doc - 4.6.1.201703071140-r
2017-08-19 15:04:13,721 - org.eclipse.mylyn.tasks.core - 3.21.0.v20160914-0252
2017-08-19 15:04:13,721 - org.eclipse.mylyn.tasks.index.core - 3.21.0.v20160630-2019
2017-08-19 15:04:13,721 - org.eclipse.mylyn.tasks.index.ui - 3.21.0.v20160630-2019
2017-08-19 15:04:13,721 - org.eclipse.mylyn.tasks.search - 3.21.0.v20160630-2019
2017-08-19 15:04:13,721 - org.eclipse.mylyn.tasks.ui - 3.21.0.v20160913-2131
2017-08-19 15:04:13,738 - org.eclipse.aether.maven - 3.1.0.v20140706-2237
2017-08-19 15:04:13,745 - org.eclipse.gef - 3.11.0.201606061308
2017-08-19 15:04:13,750 - org.eclipse.mylyn.commons.identity.core - 1.13.0.v20160630-1702
2017-08-19 15:04:13,755 - org.eclipse.oomph.p2 - 1.7.0.v20170104-1401
2017-08-19 15:04:13,755 - org.eclipse.oomph.p2.core - 1.7.0.v20170228-1751
2017-08-19 15:04:13,755 - org.eclipse.oomph.p2.edit - 1.7.0.v20170104-1401
2017-08-19 15:04:13,755 - org.eclipse.oomph.p2.ui - 1.7.0.v20161231-0937
2017-08-19 15:04:13,755 - org.eclipse.oomph.p2.doc - 1.7.0.v20170104-1401
2017-08-19 15:04:13,764 - org.eclipse.datatools.enablement.sqlite - 1.1.0.201603142002
2017-08-19 15:04:13,765 - org.eclipse.datatools.enablement.sqlite.dbdefinition - 1.1.0.201603142002
2017-08-19 15:04:13,765 - org.eclipse.datatools.enablement.sqlite.ui - 1.1.0.201603142002
2017-08-19 15:04:13,765 - org.eclipse.datatools.enablement.finfo - 1.6.0.201603142002
2017-08-19 15:04:13,771 - org.eclipse.emf.codegen.ui - 2.6.0.v20160526-0356
2017-08-19 15:04:13,777 - org.eclipse.mylyn.commons.notifications.core - 1.13.0.v20160630-1702
2017-08-19 15:04:13,778 - org.eclipse.mylyn.commons.notifications.feed - 1.13.0.v20160721-2347
2017-08-19 15:04:13,778 - org.eclipse.mylyn.commons.notifications.ui - 1.13.0.v20160630-1702
2017-08-19 15:04:13,784 - org.eclipse.emf.converter - 2.7.0.v20160526-0356
2017-08-19 15:04:13,784 - org.eclipse.emf.importer - 2.9.0.v20160526-0356
2017-08-19 15:04:13,784 - org.eclipse.emf.exporter - 2.7.0.v20160526-0356
2017-08-19 15:04:13,785 - org.eclipse.emf.importer.ecore - 2.8.0.v20160526-0356
2017-08-19 15:04:13,785 - org.eclipse.emf.importer.java - 2.7.0.v20160526-0356
2017-08-19 15:04:13,785 - org.eclipse.emf.importer.rose - 2.8.0.v20160526-0356
2017-08-19 15:04:13,789 - org.eclipse.emf.edit.ui - 2.12.0.v20160526-0356
2017-08-19 15:04:13,796 - org.eclipse.help - 3.7.0.v20160602-1307
2017-08-19 15:04:13,796 - org.eclipse.ui - 3.108.1.v20160929-1045
2017-08-19 15:04:13,796 - org.eclipse.ui.workbench - 3.108.3.v20170216-1539
2017-08-19 15:04:13,796 - org.eclipse.update.configurator - 3.3.400.v20160506-0750
2017-08-19 15:04:13,796 - org.eclipse.rcp - 4.6.3.v20170301-0400
2017-08-19 15:04:13,796 - org.eclipse.recommenders.rcp - 2.4.6.v20170307-1041
2017-08-19 15:04:13,796 - org.eclipse.recommenders.apidocs - 2.4.6.v20170307-1041
2017-08-19 15:04:13,796 - org.eclipse.recommenders.apidocs.rcp - 2.4.6.v20170307-1041
2017-08-19 15:04:13,796 - org.eclipse.recommenders.calls - 2.4.6.v20170307-1041
2017-08-19 15:04:13,796 - org.eclipse.recommenders.calls.rcp - 2.4.6.v20170307-1041
2017-08-19 15:04:13,796 - org.eclipse.recommenders.chain.rcp - 2.4.6.v20170307-1041
2017-08-19 15:04:13,796 - org.eclipse.recommenders.completion.rcp - 2.4.6.v20170307-1041
2017-08-19 15:04:13,796 - org.eclipse.recommenders.constructors - 2.4.6.v20170307-1041
2017-08-19 15:04:13,796 - org.eclipse.recommenders.constructors.rcp - 2.4.6.v20170307-1041
2017-08-19 15:04:13,796 - org.eclipse.recommenders.coordinates - 2.4.6.v20170307-1041
2017-08-19 15:04:13,796 - org.eclipse.recommenders.coordinates.rcp - 2.4.6.v20170307-1041
2017-08-19 15:04:13,796 - org.eclipse.recommenders.injection - 2.4.6.v20170307-1041
2017-08-19 15:04:13,796 - org.eclipse.recommenders.jayes - 2.4.6.v20170307-1041
2017-08-19 15:04:13,796 - org.eclipse.recommenders.jayes.io - 2.4.6.v20170307-1041
2017-08-19 15:04:13,796 - org.eclipse.recommenders.jdt - 2.4.6.v20170307-1041
2017-08-19 15:04:13,812 - org.eclipse.recommenders.models - 2.4.6.v20170307-1041
2017-08-19 15:04:13,812 - org.eclipse.recommenders.models.rcp - 2.4.6.v20170307-1041
2017-08-19 15:04:13,812 - org.eclipse.recommenders.net - 2.4.6.v20170307-1041
2017-08-19 15:04:13,812 - org.eclipse.recommenders.overrides - 2.4.6.v20170307-1041
2017-08-19 15:04:13,812 - org.eclipse.recommenders.overrides.rcp - 2.4.6.v20170307-1041
2017-08-19 15:04:13,812 - org.eclipse.recommenders.subwords.rcp - 2.4.6.v20170307-1041
2017-08-19 15:04:13,812 - org.eclipse.recommenders.types.rcp - 2.4.6.v20170307-1041
2017-08-19 15:04:13,812 - org.eclipse.recommenders.utils - 2.4.6.v20170307-1041
2017-08-19 15:04:13,812 - org.eclipse.recommenders.utils.rcp - 2.4.6.v20170307-1041
2017-08-19 15:04:13,812 - org.eclipse.mylyn.commons.repositories.http.core - 1.13.0.v20160630-1702
2017-08-19 15:04:13,828 - org.eclipse.datatools.connectivity.oda.design.ui - 3.3.0.201603142002
2017-08-19 15:04:13,828 - org.eclipse.datatools.connectivity.ui.dse - 1.2.0.201603142002
2017-08-19 15:04:13,828 - org.eclipse.datatools.connectivity.ui - 1.3.0.201603142002
2017-08-19 15:04:13,828 - org.eclipse.datatools.connectivity.sqm.core - 1.3.0.201603142002
2017-08-19 15:04:13,828 - org.eclipse.datatools.help - 1.6.0.201603142002
2017-08-19 15:04:13,839 - org.eclipse.jdt - 3.12.3.v20170301-0400
2017-08-19 15:04:13,839 - org.eclipse.ant.ui - 3.6.201.v20161115-1135
2017-08-19 15:04:13,839 - org.eclipse.jdt.apt.core - 3.4.100.v20160525-0952
2017-08-19 15:04:13,839 - org.eclipse.jdt.apt.ui - 3.4.100.v20160418-1457
2017-08-19 15:04:13,839 - org.eclipse.jdt.apt.pluggable.core - 1.1.100.v20160418-1457
2017-08-19 15:04:13,841 - org.eclipse.jdt.compiler.apt - 1.2.100.v20160418-1457
2017-08-19 15:04:13,842 - org.eclipse.jdt.compiler.tool - 1.1.100.v20160418-1457
2017-08-19 15:04:13,842 - org.eclipse.jdt.core - 3.12.3.v20170228-1205
2017-08-19 15:04:13,845 - org.eclipse.jdt.annotation - 2.1.0.v20160418-1457
2017-08-19 15:04:13,845 - org.eclipse.jdt.annotation - 2.1.0.v20160418-1457
2017-08-19 15:04:13,845 - org.eclipse.jdt.core.manipulation - 1.7.0.v20160419-0705
2017-08-19 15:04:13,845 - org.eclipse.jdt.debug.ui - 3.7.201.v20160811-0450
2017-08-19 15:04:13,845 - org.eclipse.jdt.debug - 3.10.1.v20160811-0441
2017-08-19 15:04:13,845 - org.eclipse.jdt.junit - 3.9.0.v20160421-1701
2017-08-19 15:04:13,845 - org.eclipse.jdt.junit.core - 3.8.0.v20160421-1701
2017-08-19 15:04:13,846 - org.eclipse.jdt.junit.runtime - 3.4.600.v20160505-0715
2017-08-19 15:04:13,847 - org.eclipse.jdt.junit4.runtime - 1.1.600.v20160505-0715
2017-08-19 15:04:13,847 - org.eclipse.jdt.launching - 3.8.101.v20161111-2014
2017-08-19 15:04:13,847 - org.eclipse.jdt.ui - 3.12.2.v20160929-0804
2017-08-19 15:04:13,849 - org.junit - 4.12.0.v201504281640
2017-08-19 15:04:13,850 - org.hamcrest.core - 1.3.0.v201303031735
2017-08-19 15:04:13,851 - org.eclipse.jdt.doc.user - 3.12.1.v20160727-2009
2017-08-19 15:04:13,851 - org.eclipse.ant.launching - 1.1.201.v20161115-1135
2017-08-19 15:04:13,855 - org.eclipse.emf.common - 2.12.0.v20160420-0247
2017-08-19 15:04:13,860 - org.eclipse.sequoyah.vnc.vncviewer.vncviews - 2.1.0.N20120718-0509
2017-08-19 15:04:13,863 - org.eclipse.egit.mylyn.ui - 4.6.1.201703071140-r
2017-08-19 15:04:13,863 - org.eclipse.datatools.sqltools.common.ui - 1.1.0.201603142002
2017-08-19 15:04:13,863 - org.eclipse.datatools.sqltools.debugger.core - 1.1.0.201603142002
2017-08-19 15:04:13,863 - org.eclipse.datatools.sqltools.editor.core - 1.1.0.201603142002
2017-08-19 15:04:13,863 - org.eclipse.datatools.sqltools.plan - 1.1.0.201603142002
2017-08-19 15:04:13,863 - org.eclipse.datatools.sqltools.routineeditor - 1.1.0.201603142002
2017-08-19 15:04:13,863 - org.eclipse.datatools.sqltools.sql - 1.1.0.201603142002
2017-08-19 15:04:13,863 - org.eclipse.datatools.sqltools.sqleditor - 1.1.0.201603142002
2017-08-19 15:04:13,863 - org.eclipse.datatools.sqltools.sqlscrapbook - 1.1.0.201603142002
2017-08-19 15:04:13,863 - org.eclipse.datatools.help - 1.6.0.201603142002
2017-08-19 15:04:13,863 - org.eclipse.datatools.sqltools.db.generic - 1.1.0.201603142002
2017-08-19 15:04:13,863 - org.eclipse.datatools.sqltools.debugger.core.ui - 1.1.0.201603142002
2017-08-19 15:04:13,863 - org.eclipse.datatools.sqltools.editor.core.ui - 1.1.0.201603142002
2017-08-19 15:04:13,863 - org.eclipse.datatools.sqltools.result.ui - 1.2.0.201603142002
2017-08-19 15:04:13,863 - org.eclipse.datatools.sqltools.routineeditor.ui - 1.1.0.201603142002
2017-08-19 15:04:13,863 - org.eclipse.datatools.sqltools.sql.ui - 1.1.0.201603142002
2017-08-19 15:04:13,863 - org.objectweb.asm - 5.0.1.v201404251740
2017-08-19 15:04:13,863 - org.eclipse.andmore - 0.5.0.201605181018
2017-08-19 15:04:13,878 - org.eclipse.andmore.base - 0.5.0.201605181018
2017-08-19 15:04:13,878 - org.eclipse.andmore.ddms - 0.5.0.201605181018
2017-08-19 15:04:13,878 - org.eclipse.andmore.overlay - 0.5.0.201605181018
2017-08-19 15:04:13,878 - org.apache.commons.codec - 1.6.0.v201305230611
2017-08-19 15:04:13,878 - org.apache.commons.compress - 1.6.0.v201310281400
2017-08-19 15:04:13,878 - org.apache.httpcomponents.httpclient - 4.3.6.v201511171540
2017-08-19 15:04:13,878 - org.apache.httpcomponents.httpcore - 4.3.3.v201411290715
2017-08-19 15:04:13,894 - org.eclipse.datatools.modelbase.dbdefinition - 1.1.0.201603142002
2017-08-19 15:04:13,894 - org.eclipse.datatools.modelbase.sql.edit - 1.1.0.201603142002
2017-08-19 15:04:13,894 - org.eclipse.datatools.modelbase.sql.query - 1.2.0.201603142002
2017-08-19 15:04:13,894 - org.eclipse.datatools.modelbase.sql.query.edit - 1.1.0.201603142002
2017-08-19 15:04:13,894 - org.eclipse.datatools.modelbase.sql.xml.query - 1.1.0.201603142002
2017-08-19 15:04:13,894 - org.eclipse.datatools.modelbase.sql - 1.1.0.201603142002
2017-08-19 15:04:13,916 - org.eclipse.oomph.setup.editor - 1.7.0.v20170104-1401
2017-08-19 15:04:13,916 - org.eclipse.oomph.setup.ui - 1.7.0.v20170305-1123
2017-08-19 15:04:13,916 - org.eclipse.oomph.setup.doc - 1.7.0.v20170104-1401
2017-08-19 15:04:13,916 - org.eclipse.oomph.setup.ui.questionnaire - 1.7.0.v20170104-1401
2017-08-19 15:04:13,916 - org.eclipse.oomph.jreinfo.ui - 1.7.0.v20161220-1444
2017-08-19 15:04:13,921 - org.eclipse.emf.mapping - 2.9.0.v20160526-0356
2017-08-19 15:04:13,925 - org.eclipse.emf.ecore - 2.12.0.v20160420-0247
2017-08-19 15:04:13,925 - org.eclipse.emf.ecore.change - 2.11.0.v20160420-0247
2017-08-19 15:04:13,925 - org.eclipse.emf.ecore.xmi - 2.12.0.v20160420-0247
2017-08-19 15:04:13,931 - org.eclipse.jgit - 4.6.1.201703071140-r
2017-08-19 15:04:13,932 - org.eclipse.jgit.archive - 4.6.1.201703071140-r
2017-08-19 15:04:13,933 - com.jcraft.jsch - 0.1.54.v20170116-1932
2017-08-19 15:04:13,934 - javaewah - 1.1.6.v20160919-1400
2017-08-19 15:04:13,934 - org.apache.commons.compress - 1.6.0.v201310281400
2017-08-19 15:04:13,935 - org.slf4j.api - 1.7.2.v20121108-1250
2017-08-19 15:04:13,935 - org.slf4j.impl.log4j12 - 1.7.2.v20131105-2200
2017-08-19 15:04:13,937 - org.apache.log4j - 1.2.15.v201012070815
2017-08-19 15:04:13,942 - org.eclipse.mylyn.wikitext.core - 2.10.1.v20161129-1925
2017-08-19 15:04:13,943 - org.eclipse.mylyn.wikitext.core.ant - 2.10.1.v20161129-1925
2017-08-19 15:04:13,944 - org.eclipse.mylyn.wikitext.core.osgi - 2.10.1.v20161129-1925
2017-08-19 15:04:13,944 - org.eclipse.mylyn.wikitext.textile.core - 2.10.1.v20161129-1925
2017-08-19 15:04:13,946 - org.eclipse.mylyn.wikitext.html.core - 2.10.1.v20161129-1925
2017-08-19 15:04:13,946 - org.eclipse.mylyn.wikitext.markdown.core - 2.10.1.v20161129-1925
2017-08-19 15:04:13,946 - org.eclipse.mylyn.wikitext.mediawiki.core - 2.10.1.v20161129-1925
2017-08-19 15:04:13,946 - org.eclipse.mylyn.wikitext.mediawiki.core.ant - 2.10.1.v20161129-1925
2017-08-19 15:04:13,946 - org.eclipse.mylyn.wikitext.confluence.core - 2.10.1.v20161129-1925
2017-08-19 15:04:13,946 - org.eclipse.mylyn.wikitext.tracwiki.core - 2.10.1.v20161129-1925
2017-08-19 15:04:13,946 - org.eclipse.mylyn.wikitext.twiki.core - 2.10.1.v20161129-1925
2017-08-19 15:04:13,946 - org.eclipse.mylyn.wikitext.ui - 2.10.1.v20161129-1925
2017-08-19 15:04:13,946 - org.eclipse.mylyn.wikitext.help.ui - 2.10.1.v20161129-1925
2017-08-19 15:04:13,946 - org.eclipse.mylyn.wikitext.textile.ui - 2.10.1.v20161129-1925
2017-08-19 15:04:13,946 - org.eclipse.mylyn.wikitext.markdown.ui - 2.10.1.v20161129-1925
2017-08-19 15:04:13,946 - org.eclipse.mylyn.wikitext.mediawiki.ui - 2.10.1.v20161129-1925
2017-08-19 15:04:13,946 - org.eclipse.mylyn.wikitext.confluence.ui - 2.10.1.v20161129-1925
2017-08-19 15:04:13,946 - org.eclipse.mylyn.wikitext.tracwiki.ui - 2.10.1.v20161129-1925
2017-08-19 15:04:13,946 - org.eclipse.mylyn.wikitext.twiki.ui - 2.10.1.v20161129-1925
2017-08-19 15:04:13,946 - org.eclipse.mylyn.wikitext.tasks.ui - 2.10.1.v20161129-1925
2017-08-19 15:04:13,946 - org.eclipse.mylyn.wikitext.context.ui - 2.10.1.v20161129-1925
2017-08-19 15:04:13,946 - org.eclipse.mylyn.wikitext.asciidoc.core - 2.10.1.v20161129-1925
2017-08-19 15:04:13,946 - org.eclipse.mylyn.wikitext.asciidoc.ui - 2.10.1.v20161129-1925
2017-08-19 15:04:13,946 - org.eclipse.emf.mapping.ecore.editor - 2.6.0.v20160526-0356
2017-08-19 15:04:13,946 - org.eclipse.emf.mapping.ecore2ecore.editor - 2.7.0.v20160526-0356
2017-08-19 15:04:13,946 - org.eclipse.emf.mapping.ecore2xml.ui - 2.8.0.v20160526-0356
2017-08-19 15:04:13,946 - org.eclipse.recommenders.mylyn.rcp - 2.4.6.v20170307-1041
2017-08-19 15:04:13,977 - org.apache.ant - 1.9.6.v201510161327
2017-08-19 15:04:13,977 - org.eclipse.ant.core - 3.4.100.v20160505-0642
2017-08-19 15:04:13,977 - com.jcraft.jsch - 0.1.54.v20170116-1932
2017-08-19 15:04:13,977 - org.eclipse.compare.core - 3.6.0.v20160418-1534
2017-08-19 15:04:13,977 - org.eclipse.compare - 3.7.1.v20170103-1805
2017-08-19 15:04:13,977 - org.eclipse.compare.win32 - 1.1.0.v20160418-1534
2017-08-19 15:04:13,977 - org.eclipse.core.filebuffers - 3.6.0.v20160503-1849
2017-08-19 15:04:13,977 - org.eclipse.core.filesystem - 1.6.1.v20161113-2349
2017-08-19 15:04:13,977 - org.eclipse.core.net - 1.3.0.v20160418-1534
2017-08-19 15:04:13,977 - org.eclipse.core.net.win32.x86_64 - 1.1.0.v20160323-1650
2017-08-19 15:04:13,977 - org.eclipse.core.resources - 3.11.1.v20161107-2032
2017-08-19 15:04:13,977 - org.eclipse.osgi.util - 3.3.100.v20150423-1351
2017-08-19 15:04:13,977 - org.eclipse.debug.core - 3.10.100.v20160419-1720
2017-08-19 15:04:13,977 - org.eclipse.debug.ui - 3.11.202.v20161114-0338
2017-08-19 15:04:13,977 - org.eclipse.equinox.event - 1.3.200.v20160324-1850
2017-08-19 15:04:13,977 - org.eclipse.ltk.core.refactoring - 3.7.0.v20160419-0705
2017-08-19 15:04:13,977 - org.eclipse.ltk.ui.refactoring - 3.8.0.v20160518-1817
2017-08-19 15:04:13,977 - org.eclipse.platform - 4.6.3.v20170301-0400
2017-08-19 15:04:13,977 - org.eclipse.platform.doc.user - 4.6.1.v20160727-2009
2017-08-19 15:04:13,977 - org.eclipse.search - 3.11.1.v20161113-1700
2017-08-19 15:04:13,977 - org.eclipse.team.core - 3.8.0.v20160418-1534
2017-08-19 15:04:13,977 - org.eclipse.team.ui - 3.8.0.v20160518-1906
2017-08-19 15:04:13,977 - org.eclipse.text - 3.6.0.v20160503-1849
2017-08-19 15:04:13,977 - org.eclipse.jface.text - 3.11.2.v20170220-1911
2017-08-19 15:04:13,977 - org.eclipse.jsch.core - 1.3.0.v20160422-1917
2017-08-19 15:04:13,977 - org.eclipse.jsch.ui - 1.3.0.v20160323-1650
2017-08-19 15:04:13,977 - org.eclipse.ui.console - 3.6.201.v20161107-0337
2017-08-19 15:04:13,977 - org.eclipse.ui.intro - 3.5.2.v20161116-1147
2017-08-19 15:04:13,977 - org.eclipse.ui.intro.universal - 3.3.1.v20160829-1558
2017-08-19 15:04:13,993 - org.eclipse.ui.cheatsheets - 3.5.0.v20160504-0839
2017-08-19 15:04:13,993 - org.eclipse.ui.browser - 3.5.2.v20161114-0210
2017-08-19 15:04:13,993 - org.eclipse.ui.monitoring - 1.1.2.v20170203-1115
2017-08-19 15:04:13,993 - org.eclipse.ui.navigator - 3.6.101.v20161006-1120
2017-08-19 15:04:13,993 - org.eclipse.ui.navigator.resources - 3.5.101.v20161006-0640
2017-08-19 15:04:13,993 - org.eclipse.ui.net - 1.3.0.v20160426-1633
2017-08-19 15:04:13,993 - org.eclipse.ui.workbench.texteditor - 3.10.1.v20160818-1626
2017-08-19 15:04:13,993 - org.eclipse.ui.views - 3.8.102.v20170111-0801
2017-08-19 15:04:13,993 - org.eclipse.ui.editors - 3.10.1.v20161106-1856
2017-08-19 15:04:13,993 - org.eclipse.ui.externaltools - 3.3.100.v20160518-1858
2017-08-19 15:04:13,993 - org.eclipse.ui.ide - 3.12.3.v20170119-0935
2017-08-19 15:04:13,993 - org.eclipse.ui.ide.application - 1.1.101.v20160829-0827
2017-08-19 15:04:13,993 - org.eclipse.ui.win32 - 3.3.0.v20160505-1310
2017-08-19 15:04:13,993 - org.eclipse.core.resources.win32.x86_64 - 3.5.0.v20140124-1940
2017-08-19 15:04:13,993 - org.eclipse.core.filesystem.win32.x86_64 - 1.4.0.v20140124-1940
2017-08-19 15:04:13,993 - org.eclipse.core.variables - 3.3.0.v20160419-1720
2017-08-19 15:04:13,993 - org.eclipse.ui.forms - 3.7.1.v20161220-1635
2017-08-19 15:04:13,993 - org.eclipse.ui.views.properties.tabbed - 3.7.0.v20160310-0903
2017-08-19 15:04:13,993 - org.eclipse.equinox.security - 1.2.200.v20150715-1528
2017-08-19 15:04:13,993 - org.eclipse.equinox.security.ui - 1.1.300.v20150803-1225
2017-08-19 15:04:13,993 - org.eclipse.equinox.security.win32.x86_64 - 1.0.100.v20130327-1442
2017-08-19 15:04:13,993 - org.eclipse.core.externaltools - 1.0.400.v20160509-1057
2017-08-19 15:04:13,993 - org.eclipse.ui.themes - 1.1.300.v20161107-1827
2017-08-19 15:04:13,993 - org.eclipse.core.runtime - 3.12.0.v20160606-1342
2017-08-19 15:04:13,993 - org.eclipse.ui.intro.quicklinks - 1.0.0.v20160515-0255
2017-08-19 15:04:13,993 - org.eclipse.mylyn.discovery.core - 3.21.0.v20160729-1739
2017-08-19 15:04:13,993 - org.eclipse.mylyn.discovery.ui - 3.21.0.v20160630-1702
2017-08-19 15:04:13,993 - org.eclipse.emf.ecore.edit - 2.9.0.v20160526-0356
2017-08-19 15:04:13,993 - org.eclipse.emf.ecore.change.edit - 2.6.0.v20160526-0356
2017-08-19 15:04:14,008 - org.eclipse.sequoyah.vnc.protocol - 2.1.0.N20120718-0509
2017-08-19 15:04:14,008 - org.eclipse.mylyn.versions.core - 1.13.0.v20160630-2022
2017-08-19 15:04:14,008 - org.eclipse.mylyn.versions.ui - 1.13.0.v20160630-2022
2017-08-19 15:04:14,008 - org.eclipse.emf.mapping.ecore - 2.6.0.v20160526-0356
2017-08-19 15:04:14,008 - org.eclipse.emf.mapping.ecore2ecore - 2.9.0.v20160526-0356
2017-08-19 15:04:14,008 - org.eclipse.emf.mapping.ecore2xml - 2.9.0.v20160526-0356
2017-08-19 15:04:14,024 - org.eclipse.andmore.traceview - 0.5.0.201605181018
2017-08-19 15:04:14,024 - org.eclipse.sequoyah.localization.android - 2.1.0.N20120718-0509
2017-08-19 15:04:14,024 - org.eclipse.sequoyah.localization.android.help - 2.1.1.N20120718-0509
2017-08-19 15:04:14,024 - org.eclipse.m2e.logback.configuration - 1.7.0.20160603-1933
2017-08-19 15:04:14,024 - org.eclipse.m2e.logback.appender - 1.7.0.20160603-1933
2017-08-19 15:04:14,040 - org.eclipse.emf.codegen - 2.11.0.v20160526-0356
2017-08-19 15:04:14,040 - org.eclipse.wst.dtd.ui - 1.0.801.v201308100602
2017-08-19 15:04:14,040 - org.eclipse.wst.dtd.ui.infopop - 1.0.400.v201309112106
2017-08-19 15:04:14,040 - org.eclipse.wst.sse.ui.infopop - 1.0.300.v201309112106
2017-08-19 15:04:14,040 - org.eclipse.wst.xml.ui.infopop - 1.0.400.v201309112106
2017-08-19 15:04:14,040 - org.eclipse.wst.sse.ui - 1.3.500.v201605120129
2017-08-19 15:04:14,040 - org.eclipse.wst.xml.ui - 1.1.700.v201604272318
2017-08-19 15:04:14,040 - org.eclipse.wst.xsd.ui - 1.2.600.v201511240159
2017-08-19 15:04:14,040 - org.eclipse.emf - 2.6.0.v20160526-0356
2017-08-19 15:04:14,040 - org.eclipse.datatools.doc.user - 1.7.0.20090521092446
2017-08-19 15:04:14,040 - org.eclipse.datatools.oda.cshelp - 1.2.0.201603142002
2017-08-19 15:04:14,040 - org.eclipse.datatools.help - 1.6.0.201603142002
2017-08-19 15:04:14,055 - org.eclipse.mylyn.tasks.bugs - 3.21.0.v20160929-1805
2017-08-19 15:04:14,055 - org.eclipse.mylyn.help.ui - 3.21.0.v20160913-2013
2017-08-19 15:04:14,055 - org.eclipse.draw2d - 3.10.100.201606061308
2017-08-19 15:04:14,055 - org.eclipse.emf.edit - 2.12.0.v20160526-0356
2017-08-19 15:04:14,055 - org.eclipse.mylyn.commons.core - 3.21.0.v20160707-1856
2017-08-19 15:04:14,071 - org.eclipse.mylyn.commons.screenshots - 3.21.0.v20160630-1702
2017-08-19 15:04:14,071 - org.eclipse.mylyn.commons.ui - 3.21.0.v20160630-1702
2017-08-19 15:04:14,071 - org.eclipse.mylyn.commons.workbench - 3.21.0.v20160630-1702
2017-08-19 15:04:14,071 - org.eclipse.mylyn.bugzilla.ide - 3.21.0.v20160912-1820
2017-08-19 15:04:14,071 - org.eclipse.mylyn.ide.ui - 3.21.0.v20160701-1337
2017-08-19 15:04:14,071 - org.eclipse.emf.databinding.edit - 1.3.0.v20160526-0356
2017-08-19 15:04:14,071 - org.eclipse.emf.codegen.ecore - 2.12.0.v20160526-0356
2017-08-19 15:04:14,071 - org.eclipse.emf.ant - 2.8.0.v20160526-0356
2017-08-19 15:04:14,102 - org.eclipse.m2e.archetype.common - 1.7.0.20160603-1931
2017-08-19 15:04:14,102 - org.eclipse.m2e.maven.indexer - 1.7.0.20160603-1931
2017-08-19 15:04:14,102 - org.eclipse.m2e.model.edit - 1.7.0.20160603-1933
2017-08-19 15:04:14,102 - org.eclipse.m2e.core - 1.7.0.20160603-1933
2017-08-19 15:04:14,102 - org.eclipse.m2e.launching - 1.7.0.20160603-1933
2017-08-19 15:04:14,102 - org.eclipse.m2e.workspace.cli - 0.3.1
2017-08-19 15:04:14,102 - org.eclipse.m2e.jdt - 1.7.0.20160603-1933
2017-08-19 15:04:14,102 - org.eclipse.m2e.editor - 1.7.0.20160603-1933
2017-08-19 15:04:14,102 - org.eclipse.m2e.editor.xml - 1.7.0.20160603-1933
2017-08-19 15:04:14,133 - org.eclipse.m2e.maven.runtime - 1.7.0.20160603-1931
2017-08-19 15:04:14,149 - org.eclipse.m2e.maven.runtime.slf4j.simple - 1.7.0.20160603-1931
2017-08-19 15:04:14,149 - org.eclipse.m2e.refactoring - 1.7.0.20160603-1933
2017-08-19 15:04:14,149 - org.eclipse.m2e.lifecyclemapping.defaults - 1.7.0.20160603-1933
2017-08-19 15:04:14,149 - org.eclipse.m2e.discovery - 1.7.0.20160603-1933
2017-08-19 15:04:14,149 - org.eclipse.m2e.core.ui - 1.7.0.20160603-1933
2017-08-19 15:04:14,149 - org.eclipse.m2e.scm - 1.7.0.20160603-1933
2017-08-19 15:04:14,149 - org.eclipse.m2e.jdt.ui - 1.7.0.20160603-1933
2017-08-19 15:04:14,149 - org.eclipse.m2e.profiles.core - 1.7.0.20160603-1933
2017-08-19 15:04:14,149 - org.eclipse.m2e.profiles.ui - 1.7.0.20160603-1933
2017-08-19 15:04:14,149 - org.eclipse.m2e.importer - 1.7.0.20160603-1933
2017-08-19 15:04:14,149 - org.eclipse.andmore.ndk - 0.5.0.201605181018
2017-08-19 15:04:14,149 - org.eclipse.andmore.gldebugger - 0.5.0.201605181018
2017-08-19 15:04:14,165 - org.eclipse.mylyn.hudson.core - 1.13.0.v20160806-1446
2017-08-19 15:04:14,165 - org.eclipse.mylyn.hudson.ui - 1.13.0.v20160704-1634
2017-08-19 15:04:14,165 - org.eclipse.epp.mpc.core - 1.5.4.v20170222-1921
2017-08-19 15:04:14,165 - org.eclipse.epp.mpc.ui - 1.5.4.v20170222-1941
2017-08-19 15:04:14,165 - org.eclipse.epp.mpc.help.ui - 1.5.4.v20170201-1845
2017-08-19 15:04:14,165 - org.apache.httpcomponents.httpclient - 4.3.6.v201511171540
2017-08-19 15:04:14,165 - org.apache.httpcomponents.httpcore - 4.3.3.v201411290715
2017-08-19 15:04:14,165 - org.eclipse.mylyn.git.core - 1.13.0.v20160630-2022
2017-08-19 15:04:14,165 - org.eclipse.mylyn.git.ui - 1.13.0.v20160630-2022
2017-08-19 15:04:14,180 - org.eclipse.datatools.connectivity.oda.consumer - 3.3.0.201603142002
2017-08-19 15:04:14,180 - org.eclipse.datatools.connectivity.oda.design - 3.4.0.201603142002
2017-08-19 15:04:14,180 - org.eclipse.datatools.connectivity.oda.profile - 3.3.0.201603142002
2017-08-19 15:04:14,180 - org.eclipse.datatools.connectivity.oda - 3.5.0.201603142002
2017-08-19 15:04:14,180 - org.eclipse.datatools.connectivity - 1.13.0.201603142002
2017-08-19 15:04:14,180 - org.eclipse.andmore.android.certmanager - 0.5.0.201605181018
2017-08-19 15:04:14,180 - org.eclipse.recommenders.snipmatch - 2.4.6.v20170307-1041
2017-08-19 15:04:14,180 - org.eclipse.recommenders.snipmatch.rcp - 2.4.6.v20170307-1041
2017-08-19 15:04:14,196 - org.eclipse.cdt.gdb - 7.0.0.201703062208
2017-08-19 15:04:14,196 - org.eclipse.cdt.gdb.ui - 7.0.0.201703062208
2017-08-19 15:04:14,196 - org.eclipse.sequoyah.localization.tools - 2.1.0.N20120718-0509
2017-08-19 15:04:14,196 - org.eclipse.sequoyah.localization.editor - 2.1.0.N20120718-0509
2017-08-19 15:04:14,212 - org.eclipse.pde - 3.12.3.v20170301-0400
2017-08-19 15:04:14,212 - org.eclipse.pde.build - 3.9.200.v20160204-0642
2017-08-19 15:04:14,212 - org.eclipse.pde.core - 3.11.1.v20161115-1951
2017-08-19 15:04:14,212 - org.eclipse.pde.junit.runtime - 3.5.0.v20151013-0625
2017-08-19 15:04:14,212 - org.eclipse.pde.runtime - 3.5.0.v20160418-1724
2017-08-19 15:04:14,212 - org.eclipse.pde.ui - 3.9.100.v20161102-0517
2017-08-19 15:04:14,212 - org.eclipse.pde.doc.user - 3.12.2.v20170221-1001
2017-08-19 15:04:14,212 - org.eclipse.pde.ui.templates - 3.6.0.v20160424-1948
2017-08-19 15:04:14,212 - org.eclipse.ui.views.log - 1.2.1.v20160829-0826
2017-08-19 15:04:14,212 - org.objectweb.asm - 5.0.1.v201404251740
2017-08-19 15:04:14,212 - org.objectweb.asm.tree - 5.0.1.v201404251740
2017-08-19 15:04:14,212 - org.eclipse.pde.api.tools - 1.1.2.v20161115-0549
2017-08-19 15:04:14,212 - org.eclipse.pde.api.tools.annotations - 1.0.100.v20160418-1724
2017-08-19 15:04:14,212 - org.eclipse.pde.api.tools.ui - 1.1.0.v20160519-0701
2017-08-19 15:04:14,212 - org.eclipse.pde.ds.core - 1.1.0.v20151201-1325
2017-08-19 15:04:14,212 - org.eclipse.pde.ds.ui - 1.1.0.v20160518-1843
2017-08-19 15:04:14,212 - org.eclipse.pde.launching - 3.6.401.v20161115-0549
2017-08-19 15:04:14,212 - org.eclipse.pde.ua.core - 1.0.500.v20160204-0642
2017-08-19 15:04:14,212 - org.eclipse.pde.ua.ui - 1.1.0.v20160518-1843
2017-08-19 15:04:14,212 - org.eclipse.ui.trace - 1.0.400.v20160509-1055
2017-08-19 15:04:14,212 - org.eclipse.pde.ds.annotations - 1.0.0.v20160525-1437
2017-08-19 15:04:14,227 - net.sourceforge.lpg.lpgjavaruntime - 1.1.0.v201004271650
2017-08-19 15:04:14,227 - org.eclipse.datatools.sqltools.parsers.sql.lexer - 1.1.0.201603142002
2017-08-19 15:04:14,227 - org.eclipse.datatools.sqltools.parsers.sql.query - 1.3.0.201603142002
2017-08-19 15:04:14,227 - org.eclipse.datatools.sqltools.parsers.sql.xml.query - 1.1.0.201603142002
2017-08-19 15:04:14,227 - org.eclipse.datatools.sqltools.parsers.sql - 1.1.0.201603142002
2017-08-19 15:04:14,296 - org.eclipse.mylyn.java.ui - 3.21.0.v20160701-1337
2017-08-19 15:04:14,328 - org.eclipse.mylyn.java.tasks - 3.21.0.v20160701-1337
2017-08-19 15:04:14,328 - org.eclipse.mylyn.ide.ui - 3.21.0.v20160701-1337
2017-08-19 15:04:14,328 - org.eclipse.mylyn.ide.ant - 3.21.0.v20160701-1337
2017-08-19 15:04:14,328 - org.eclipse.mylyn.debug.ui - 3.21.0.v20160701-1337
2017-08-19 15:04:14,340 - org.eclipse.mylyn.team.ui - 3.21.0.v20160701-1337
2017-08-19 15:04:14,346 - org.eclipse.datatools.sqltools.sql - 1.1.0.201603142002
2017-08-19 15:04:14,346 - org.eclipse.datatools.sqltools.common.ui - 1.1.0.201603142002
2017-08-19 15:04:14,346 - org.eclipse.datatools.sqltools.plan - 1.1.0.201603142002
2017-08-19 15:04:14,346 - org.eclipse.datatools.sqltools.editor.core - 1.1.0.201603142002
2017-08-19 15:04:14,346 - org.eclipse.datatools.sqltools.sqleditor - 1.1.0.201603142002
2017-08-19 15:04:14,346 - org.eclipse.datatools.sqltools.ddlgen.ui - 1.1.0.201603142002
2017-08-19 15:04:14,346 - org.eclipse.datatools.connectivity.db.generic - 1.1.0.201603142002
2017-08-19 15:04:14,346 - org.eclipse.datatools.sqltools.editor.core.ui - 1.1.0.201603142002
2017-08-19 15:04:14,346 - org.eclipse.datatools.sqltools.sql.ui - 1.1.0.201603142002
2017-08-19 15:04:14,346 - org.eclipse.emf.common.ui - 2.11.0.v20160526-0356
2017-08-19 15:04:14,346 - org.eclipse.mylyn.commons.repositories.core - 1.13.0.v20160630-1702
2017-08-19 15:04:14,346 - org.eclipse.mylyn.commons.repositories.ui - 1.13.0.v20160630-1702
2017-08-19 15:04:14,361 - org.eclipse.sequoyah.device.common.utilities - 2.1.0.N20120718-0509
2017-08-19 15:04:14,361 - org.eclipse.andmore.android.common - 0.5.0.201605181018
2017-08-19 15:04:14,361 - org.eclipse.andmore.android.codeutils - 0.5.0.201605181018
2017-08-19 15:04:14,361 - org.eclipse.andmore.android.translation - 0.5.0.201605181018
2017-08-19 15:04:14,361 - org.eclipse.andmore.android.codesnippets - 0.5.0.201605181018
2017-08-19 15:04:14,361 - org.eclipse.andmore.android.db.core - 0.5.0.201605181018
2017-08-19 15:04:14,361 - org.eclipse.andmore.android.logger - 0.5.0.201605181018
2017-08-19 15:04:14,361 - org.eclipse.andmore.android - 0.5.0.201605181018
2017-08-19 15:04:14,361 - org.eclipse.andmore.android.emulator - 0.5.0.201605181018
2017-08-19 15:04:14,361 - org.eclipse.andmore.android.launch - 0.5.0.201605181018
2017-08-19 15:04:14,361 - org.eclipse.andmore.android.packaging.ui - 0.5.0.201605181018
2017-08-19 15:04:14,361 - org.eclipse.andmore.android.handset - 0.5.0.201605181018
2017-08-19 15:04:14,361 - org.eclipse.andmore.android.remote - 0.5.0.201605181018
2017-08-19 15:04:14,361 - org.eclipse.andmore.android.win32.x86_64 - 0.5.0.201605181018
2017-08-19 15:04:14,361 - org.eclipse.andmore.android.mat - 0.5.0.201605181018
2017-08-19 15:04:14,361 - org.eclipse.andmore.android.devices.services - 0.5.0.201605181018
2017-08-19 15:04:14,361 - org.eclipse.andmore.android.db.devices - 0.5.0.201605181018
2017-08-19 15:04:14,361 - org.eclipse.andmore.android.installer - 0.5.0.201605181018
2017-08-19 15:04:14,361 - org.eclipse.andmore.android.logger.collector - 0.5.0.201605181018
2017-08-19 15:04:14,361 - org.eclipse.emf.mapping.ui - 2.7.0.v20160526-0356
2017-08-19 15:04:14,377 - org.eclipse.mylyn.monitor.core - 3.21.0.v20160630-1702
2017-08-19 15:04:14,377 - org.eclipse.mylyn.monitor.ui - 3.21.0.v20160630-1702
2017-08-19 15:04:14,377 - org.eclipse.datatools.connectivity.oda.template.ui - 3.3.0.201603142002
2017-08-19 15:04:14,393 - org.eclipse.sequoyah.vnc.vncviewer - 2.1.0.N20120718-0509
2017-08-19 15:04:14,393 - org.eclipse.emf.codegen.ecore.ui - 2.12.0.v20160526-0356
2017-08-19 15:04:14,408 - org.eclipse.emf.ecore.editor - 2.12.0.v20160526-0356
2017-08-19 15:04:14,415 - org.eclipse.epp.package.android - 4.6.3.20170314-1500
2017-08-19 15:04:14,419 - org.eclipse.mylyn.builds.core - 1.13.0.v20160704-1634
2017-08-19 15:04:14,420 - org.eclipse.mylyn.builds.ui - 1.13.0.v20160725-1817
2017-08-19 15:04:14,426 - org.eclipse.mylyn.context.core - 3.21.0.v20160701-1337
2017-08-19 15:04:14,426 - org.eclipse.mylyn.context.ui - 3.21.0.v20160701-1337
2017-08-19 15:04:14,426 - org.eclipse.mylyn.resources.ui - 3.21.0.v20160701-1337
2017-08-19 15:04:14,426 - org.eclipse.mylyn.context.tasks.ui - 3.21.0.v20160815-2336
2017-08-19 15:04:14,429 - org.eclipse.emf.databinding - 1.3.0.v20160526-0356
2017-08-19 15:04:14,429 - org.eclipse.datatools.connectivity.sqm.core.ui - 1.3.0.201603142002
2017-08-19 15:04:14,429 - org.eclipse.datatools.connectivity.sqm.core - 1.3.0.201603142002
2017-08-19 15:04:14,429 - org.eclipse.datatools.connectivity.sqm.server.ui - 1.2.0.201603142002
2017-08-19 15:04:14,429 - org.eclipse.datatools.connectivity.ui.dse - 1.2.0.201603142002
2017-08-19 15:04:14,429 - org.eclipse.datatools.connectivity.ui - 1.3.0.201603142002
2017-08-19 15:04:14,429 - org.eclipse.datatools.connectivity - 1.13.0.201603142002
2017-08-19 15:04:14,429 - org.eclipse.datatools.help - 1.6.0.201603142002
2017-08-19 15:04:14,429 - org.eclipse.datatools.connectivity.console.profile - 1.1.0.201603142002
2017-08-19 15:04:14,429 - org.eclipse.oomph.setup - 1.7.0.v20170224-1311
2017-08-19 15:04:14,429 - org.eclipse.oomph.setup.edit - 1.7.0.v20170104-1401
2017-08-19 15:04:14,429 - org.eclipse.oomph.setup.core - 1.7.0.v20170301-0747
2017-08-19 15:04:14,429 - org.eclipse.oomph.setup.sync - 1.7.0.v20170201-1631
2017-08-19 15:04:14,429 - org.eclipse.oomph.setup.p2 - 1.7.0.v20170217-1051
2017-08-19 15:04:14,429 - org.eclipse.oomph.setup.p2.edit - 1.7.0.v20161230-1057
2017-08-19 15:04:14,429 - org.eclipse.oomph.preferences - 1.7.0.v20170104-1401
2017-08-19 15:04:14,429 - org.eclipse.oomph.jreinfo - 1.7.0.v20170201-1645
2017-08-19 15:04:14,429 - org.eclipse.oomph.jreinfo.win32.x86_64 - 1.2.0.v20160426-0508
2017-08-19 15:04:14,445 - org.eclipse.oomph.extractor.lib - 1.3.0.v20161116-0647
2017-08-19 15:04:14,445 - org.apache.commons.logging - 1.1.1.v201101211721
2017-08-19 15:04:14,445 - org.apache.commons.codec - 1.6.0.v201305230611
2017-08-19 15:04:14,445 - org.apache.httpcomponents.httpclient - 4.3.6.v201511171540
2017-08-19 15:04:14,445 - org.apache.httpcomponents.httpcore - 4.3.3.v201411290715
2017-08-19 15:04:14,445 - org.eclipse.userstorage - 1.0.1.v20170201-1648
2017-08-19 15:04:14,445 - org.eclipse.userstorage.ui - 1.0.1.v20170201-1648
2017-08-19 15:23:58,792 - os.name - Windows 10
2017-08-19 15:23:58,792 - os.arch - amd64
2017-08-19 15:23:58,792 - os.version - 10.0
2017-08-19 15:23:58,792 - java.version - 1.8.0_141
2017-08-19 15:23:58,792 - java.vendor - Oracle Corporation
2017-08-19 15:23:58,792 - java.vendor.url - http://java.oracle.com/
2017-08-19 15:23:58,792 - java.home - C:\Program Files\Java\jre1.8.0_141
2017-08-19 15:23:58,792 - java.vm.specification.name - Java Virtual Machine Specification
2017-08-19 15:23:58,792 - java.vm.specification.vendor - Oracle Corporation
2017-08-19 15:23:58,792 - java.vm.specification.version - 1.8
2017-08-19 15:23:58,792 - java.class.path - C:\Program Files (x86)\eclipse\\plugins/org.eclipse.equinox.launcher_1.3.201.v20161025-1711.jar
2017-08-19 15:23:58,792 - java.library.path - C:\Program Files (x86)\eclipse;C:\Windows\Sun\Java\bin;C:\Windows\system32;C:\Windows;C:/Program Files/Java/jre1.8.0_141/bin/server;C:/Program Files/Java/jre1.8.0_141/bin;C:/Program Files/Java/jre1.8.0_141/lib/amd64;C:\Program Files\Microsoft MPI\Bin\;C:\ProgramData\Oracle\Java\javapath;C:\Windows\system32;C:\Windows;C:\Windows\System32\Wbem;C:\Windows\System32\WindowsPowerShell\v1.0\;C:\Program Files\Java\jdk1.8.0_131\bin;C:\Program Files\Java\jre1.8.0_131\bin;C:\Program Files (x86)\Windows Kits\10\Windows Performance Toolkit\;C:\Program Files\Microsoft SQL Server\130\Tools\Binn\;C:\Program Files\dotnet\;C:\Users\NGUYENHOANGVANNHA\AppData\Local\Microsoft\WindowsApps;C:\adb;C:\Program Files\Git\cmd;C:\Program Files (x86)\Microsoft SQL Server\Client SDK\ODBC\130\Tools\Binn\;C:\Program Files (x86)\Microsoft SQL Server\140\Tools\Binn\;C:\Program Files (x86)\Microsoft SQL Server\140\DTS\Binn\;C:\Program Files (x86)\Microsoft SQL Server\140\Tools\Binn\ManagementStudio\;C:\Program Files (x86)\Microsoft SQL Server\130\Tools\Binn\;C:\Program Files (x86)\Microsoft SQL Server\130\DTS\Binn\;C:\Program Files\Microsoft SQL Server\130\DTS\Binn\;C:\Program Files\Microsoft SQL Server\Client SDK\ODBC\130\Tools\Binn\;C:\Users\NGUYENHOANGVANNHA\AppData\Local\Microsoft\WindowsApps;;C:\Program Files (x86)\Microsoft VS Code\bin;C:\Program Files (x86)\eclipse;;.
2017-08-19 15:23:58,792 - --------------------------------------
2017-08-19 15:23:58,792 - ## Eclipse Plug-ins Log Information ##
2017-08-19 15:23:58,792 - --------------------------------------
2017-08-19 15:23:59,183 - javax.el - 2.2.0.v201303151357
2017-08-19 15:23:59,214 - javax.servlet - 3.1.0.v201410161800
2017-08-19 15:23:59,246 - javax.servlet.jsp - 2.2.0.v201112011158
2017-08-19 15:23:59,277 - com.sun.el - 2.2.0.v201303151357
2017-08-19 15:23:59,277 - org.apache.commons.logging - 1.1.1.v201101211721
2017-08-19 15:23:59,277 - org.apache.jasper.glassfish - 2.2.2.v201501141630
2017-08-19 15:23:59,292 - org.apache.lucene.analysis - 3.5.0.v20120725-1805
2017-08-19 15:23:59,324 - org.apache.lucene.core - 3.5.0.v20120725-1805
2017-08-19 15:23:59,496 - org.eclipse.equinox.http.jetty - 3.3.0.v20160324-1850
2017-08-19 15:23:59,792 - org.eclipse.equinox.http.registry - 1.1.400.v20150715-1528
2017-08-19 15:23:59,871 - org.eclipse.equinox.http.servlet - 1.3.1.v20160808-1329
2017-08-19 15:24:00,261 - org.eclipse.equinox.jsp.jasper - 1.0.500.v20150119-1358
2017-08-19 15:24:00,511 - org.eclipse.equinox.jsp.jasper.registry - 1.0.300.v20130327-1442
2017-08-19 15:24:00,542 - org.eclipse.help.base - 4.1.2.v20170301-0400
2017-08-19 15:24:00,574 - org.eclipse.help.ui - 4.0.200.v20160510-0758
2017-08-19 15:24:00,605 - org.eclipse.help.webapp - 3.8.0.v20160504-0839
2017-08-19 15:24:00,996 - org.eclipse.jetty.continuation - 9.3.9.v20160517
2017-08-19 15:24:01,042 - org.eclipse.jetty.http - 9.3.9.v20160517
2017-08-19 15:24:01,074 - org.eclipse.jetty.io - 9.3.9.v20160517
2017-08-19 15:24:01,121 - org.eclipse.jetty.security - 9.3.9.v20160517
2017-08-19 15:24:01,136 - org.eclipse.jetty.server - 9.3.9.v20160517
2017-08-19 15:24:01,183 - org.eclipse.jetty.servlet - 9.3.9.v20160517
2017-08-19 15:24:01,199 - org.eclipse.jetty.util - 9.3.9.v20160517
2017-08-19 15:24:01,199 - org.eclipse.core.net - 1.3.0.v20160418-1534
2017-08-19 15:24:01,355 - org.eclipse.equinox.security - 1.2.200.v20150715-1528
2017-08-19 15:24:01,511 - org.eclipse.mylyn.bugzilla.core - 3.21.0.v20160909-1813
2017-08-19 15:24:01,511 - org.eclipse.mylyn.bugzilla.ui - 3.21.0.v20160909-1813
2017-08-19 15:24:01,652 - org.eclipse.andmore.hierarchyviewer - 0.5.0.201605181018
2017-08-19 15:24:01,730 - org.eclipse.sequoyah.device.backward - 2.1.0.N20120718-0509
2017-08-19 15:24:01,761 - org.eclipse.sequoyah.device.framework - 2.1.0.N20120718-0509
2017-08-19 15:24:01,761 - org.eclipse.sequoyah.device.framework.ui - 2.1.0.N20120718-0509
2017-08-19 15:24:02,121 - org.eclipse.sequoyah.device.service.start - 2.1.0.N20120718-0509
2017-08-19 15:24:02,308 - org.eclipse.sequoyah.device.service.stop - 2.1.0.N20120718-0509
2017-08-19 15:24:02,589 - org.eclipse.sequoyah.device.framework.wizard - 2.1.0.N20120718-0509
2017-08-19 15:24:02,636 - org.eclipse.buildship.core - 1.0.21.v20161010-1640
2017-08-19 15:24:02,636 - org.eclipse.buildship.ui - 1.0.21.v20161010-1640
2017-08-19 15:24:02,729 - org.eclipse.buildship.branding - 1.0.21.v20161010-1640
2017-08-19 15:24:02,886 - org.eclipse.buildship.stsmigration - 1.0.21.v20161010-1640
2017-08-19 15:24:02,948 - org.eclipse.egit.core - 4.6.1.201703071140-r
2017-08-19 15:24:02,964 - org.eclipse.egit.ui - 4.6.1.201703071140-r
2017-08-19 15:24:03,042 - org.eclipse.egit - 4.6.1.201703071140-r
2017-08-19 15:24:03,058 - org.eclipse.egit.doc - 4.6.1.201703071140-r
2017-08-19 15:24:03,104 - org.eclipse.mylyn.tasks.core - 3.21.0.v20160914-0252
2017-08-19 15:24:03,276 - org.eclipse.mylyn.tasks.index.core - 3.21.0.v20160630-2019
2017-08-19 15:24:03,464 - org.eclipse.mylyn.tasks.index.ui - 3.21.0.v20160630-2019
2017-08-19 15:24:03,479 - org.eclipse.mylyn.tasks.search - 3.21.0.v20160630-2019
2017-08-19 15:24:03,497 - org.eclipse.mylyn.tasks.ui - 3.21.0.v20160913-2131
2017-08-19 15:24:04,011 - org.eclipse.aether.maven - 3.1.0.v20140706-2237
2017-08-19 15:24:04,105 - org.eclipse.gef - 3.11.0.201606061308
2017-08-19 15:24:04,402 - org.eclipse.mylyn.commons.identity.core - 1.13.0.v20160630-1702
2017-08-19 15:24:04,449 - org.eclipse.oomph.p2 - 1.7.0.v20170104-1401
2017-08-19 15:24:04,464 - org.eclipse.oomph.p2.core - 1.7.0.v20170228-1751
2017-08-19 15:24:04,464 - org.eclipse.oomph.p2.edit - 1.7.0.v20170104-1401
2017-08-19 15:24:04,464 - org.eclipse.oomph.p2.ui - 1.7.0.v20161231-0937
2017-08-19 15:24:04,480 - org.eclipse.oomph.p2.doc - 1.7.0.v20170104-1401
2017-08-19 15:24:04,542 - org.eclipse.datatools.enablement.sqlite - 1.1.0.201603142002
2017-08-19 15:24:04,605 - org.eclipse.datatools.enablement.sqlite.dbdefinition - 1.1.0.201603142002
2017-08-19 15:24:04,730 - org.eclipse.datatools.enablement.sqlite.ui - 1.1.0.201603142002
2017-08-19 15:24:04,793 - org.eclipse.datatools.enablement.finfo - 1.6.0.201603142002
2017-08-19 15:24:05,045 - org.eclipse.emf.codegen.ui - 2.6.0.v20160526-0356
2017-08-19 15:24:05,092 - org.eclipse.mylyn.commons.notifications.core - 1.13.0.v20160630-1702
2017-08-19 15:24:05,092 - org.eclipse.mylyn.commons.notifications.feed - 1.13.0.v20160721-2347
2017-08-19 15:24:05,092 - org.eclipse.mylyn.commons.notifications.ui - 1.13.0.v20160630-1702
2017-08-19 15:24:05,201 - org.eclipse.emf.converter - 2.7.0.v20160526-0356
2017-08-19 15:24:05,217 - org.eclipse.emf.importer - 2.9.0.v20160526-0356
2017-08-19 15:24:05,248 - org.eclipse.emf.exporter - 2.7.0.v20160526-0356
2017-08-19 15:24:05,405 - org.eclipse.emf.importer.ecore - 2.8.0.v20160526-0356
2017-08-19 15:24:05,436 - org.eclipse.emf.importer.java - 2.7.0.v20160526-0356
2017-08-19 15:24:05,451 - org.eclipse.emf.importer.rose - 2.8.0.v20160526-0356
2017-08-19 15:24:05,529 - org.eclipse.emf.edit.ui - 2.12.0.v20160526-0356
2017-08-19 15:24:05,608 - org.eclipse.help - 3.7.0.v20160602-1307
2017-08-19 15:24:05,623 - org.eclipse.ui - 3.108.1.v20160929-1045
2017-08-19 15:24:05,623 - org.eclipse.ui.workbench - 3.108.3.v20170216-1539
2017-08-19 15:24:05,623 - org.eclipse.update.configurator - 3.3.400.v20160506-0750
2017-08-19 15:24:05,670 - org.eclipse.rcp - 4.6.3.v20170301-0400
2017-08-19 15:24:05,748 - org.eclipse.recommenders.rcp - 2.4.6.v20170307-1041
2017-08-19 15:24:05,905 - org.eclipse.recommenders.apidocs - 2.4.6.v20170307-1041
2017-08-19 15:24:05,905 - org.eclipse.recommenders.apidocs.rcp - 2.4.6.v20170307-1041
2017-08-19 15:24:05,905 - org.eclipse.recommenders.calls - 2.4.6.v20170307-1041
2017-08-19 15:24:05,920 - org.eclipse.recommenders.calls.rcp - 2.4.6.v20170307-1041
2017-08-19 15:24:05,920 - org.eclipse.recommenders.chain.rcp - 2.4.6.v20170307-1041
2017-08-19 15:24:05,920 - org.eclipse.recommenders.completion.rcp - 2.4.6.v20170307-1041
2017-08-19 15:24:05,920 - org.eclipse.recommenders.constructors - 2.4.6.v20170307-1041
2017-08-19 15:24:05,920 - org.eclipse.recommenders.constructors.rcp - 2.4.6.v20170307-1041
2017-08-19 15:24:05,920 - org.eclipse.recommenders.coordinates - 2.4.6.v20170307-1041
2017-08-19 15:24:05,920 - org.eclipse.recommenders.coordinates.rcp - 2.4.6.v20170307-1041
2017-08-19 15:24:05,936 - org.eclipse.recommenders.injection - 2.4.6.v20170307-1041
2017-08-19 15:24:05,936 - org.eclipse.recommenders.jayes - 2.4.6.v20170307-1041
2017-08-19 15:24:06,170 - org.eclipse.recommenders.jayes.io - 2.4.6.v20170307-1041
2017-08-19 15:24:06,170 - org.eclipse.recommenders.jdt - 2.4.6.v20170307-1041
2017-08-19 15:24:06,170 - org.eclipse.recommenders.models - 2.4.6.v20170307-1041
2017-08-19 15:24:06,170 - org.eclipse.recommenders.models.rcp - 2.4.6.v20170307-1041
2017-08-19 15:24:06,264 - org.eclipse.recommenders.net - 2.4.6.v20170307-1041
2017-08-19 15:24:06,264 - org.eclipse.recommenders.overrides - 2.4.6.v20170307-1041
2017-08-19 15:24:06,264 - org.eclipse.recommenders.overrides.rcp - 2.4.6.v20170307-1041
2017-08-19 15:24:06,264 - org.eclipse.recommenders.subwords.rcp - 2.4.6.v20170307-1041
2017-08-19 15:24:06,264 - org.eclipse.recommenders.types.rcp - 2.4.6.v20170307-1041
2017-08-19 15:24:06,280 - org.eclipse.recommenders.utils - 2.4.6.v20170307-1041
2017-08-19 15:24:06,280 - org.eclipse.recommenders.utils.rcp - 2.4.6.v20170307-1041
2017-08-19 15:24:06,531 - org.eclipse.mylyn.commons.repositories.http.core - 1.13.0.v20160630-1702
2017-08-19 15:24:06,637 - org.eclipse.datatools.connectivity.oda.design.ui - 3.3.0.201603142002
2017-08-19 15:24:06,637 - org.eclipse.datatools.connectivity.ui.dse - 1.2.0.201603142002
2017-08-19 15:24:06,653 - org.eclipse.datatools.connectivity.ui - 1.3.0.201603142002
2017-08-19 15:24:06,684 - org.eclipse.datatools.connectivity.sqm.core - 1.3.0.201603142002
2017-08-19 15:24:06,778 - org.eclipse.datatools.help - 1.6.0.201603142002
2017-08-19 15:24:06,809 - org.eclipse.jdt - 3.12.3.v20170301-0400
2017-08-19 15:24:06,825 - org.eclipse.ant.ui - 3.6.201.v20161115-1135
2017-08-19 15:24:06,841 - org.eclipse.jdt.apt.core - 3.4.100.v20160525-0952
2017-08-19 15:24:06,856 - org.eclipse.jdt.apt.ui - 3.4.100.v20160418-1457
2017-08-19 15:24:07,028 - org.eclipse.jdt.apt.pluggable.core - 1.1.100.v20160418-1457
2017-08-19 15:24:07,028 - org.eclipse.jdt.compiler.apt - 1.2.100.v20160418-1457
2017-08-19 15:24:07,028 - org.eclipse.jdt.compiler.tool - 1.1.100.v20160418-1457
2017-08-19 15:24:07,028 - org.eclipse.jdt.core - 3.12.3.v20170228-1205
2017-08-19 15:24:07,216 - org.eclipse.jdt.annotation - 2.1.0.v20160418-1457
2017-08-19 15:24:07,216 - org.eclipse.jdt.annotation - 2.1.0.v20160418-1457
2017-08-19 15:24:07,216 - org.eclipse.jdt.core.manipulation - 1.7.0.v20160419-0705
2017-08-19 15:24:07,216 - org.eclipse.jdt.debug.ui - 3.7.201.v20160811-0450
2017-08-19 15:24:07,294 - org.eclipse.jdt.debug - 3.10.1.v20160811-0441
2017-08-19 15:24:07,294 - org.eclipse.jdt.junit - 3.9.0.v20160421-1701
2017-08-19 15:24:07,325 - org.eclipse.jdt.junit.core - 3.8.0.v20160421-1701
2017-08-19 15:24:07,341 - org.eclipse.jdt.junit.runtime - 3.4.600.v20160505-0715
2017-08-19 15:24:07,497 - org.eclipse.jdt.junit4.runtime - 1.1.600.v20160505-0715
2017-08-19 15:24:07,497 - org.eclipse.jdt.launching - 3.8.101.v20161111-2014
2017-08-19 15:24:07,497 - org.eclipse.jdt.ui - 3.12.2.v20160929-0804
2017-08-19 15:24:07,544 - org.junit - 4.12.0.v201504281640
2017-08-19 15:24:07,575 - org.hamcrest.core - 1.3.0.v201303031735
2017-08-19 15:24:07,606 - org.eclipse.jdt.doc.user - 3.12.1.v20160727-2009
2017-08-19 15:24:07,637 - org.eclipse.ant.launching - 1.1.201.v20161115-1135
2017-08-19 15:24:07,684 - org.eclipse.emf.common - 2.12.0.v20160420-0247
2017-08-19 15:24:07,716 - org.eclipse.sequoyah.vnc.vncviewer.vncviews - 2.1.0.N20120718-0509
2017-08-19 15:24:07,887 - org.eclipse.egit.mylyn.ui - 4.6.1.201703071140-r
2017-08-19 15:24:07,997 - org.eclipse.datatools.sqltools.common.ui - 1.1.0.201603142002
2017-08-19 15:24:08,028 - org.eclipse.datatools.sqltools.debugger.core - 1.1.0.201603142002
2017-08-19 15:24:08,075 - org.eclipse.datatools.sqltools.editor.core - 1.1.0.201603142002
2017-08-19 15:24:08,075 - org.eclipse.datatools.sqltools.plan - 1.1.0.201603142002
2017-08-19 15:24:08,325 - org.eclipse.datatools.sqltools.routineeditor - 1.1.0.201603142002
2017-08-19 15:24:08,341 - org.eclipse.datatools.sqltools.sql - 1.1.0.201603142002
2017-08-19 15:24:08,388 - org.eclipse.datatools.sqltools.sqleditor - 1.1.0.201603142002
2017-08-19 15:24:08,388 - org.eclipse.datatools.sqltools.sqlscrapbook - 1.1.0.201603142002
2017-08-19 15:24:08,388 - org.eclipse.datatools.help - 1.6.0.201603142002
2017-08-19 15:24:08,419 - org.eclipse.datatools.sqltools.db.generic - 1.1.0.201603142002
2017-08-19 15:24:08,450 - org.eclipse.datatools.sqltools.debugger.core.ui - 1.1.0.201603142002
2017-08-19 15:24:08,700 - org.eclipse.datatools.sqltools.editor.core.ui - 1.1.0.201603142002
2017-08-19 15:24:08,778 - org.eclipse.datatools.sqltools.result.ui - 1.2.0.201603142002
2017-08-19 15:24:08,872 - org.eclipse.datatools.sqltools.routineeditor.ui - 1.1.0.201603142002
2017-08-19 15:24:09,028 - org.eclipse.datatools.sqltools.sql.ui - 1.1.0.201603142002
2017-08-19 15:24:09,106 - org.objectweb.asm - 5.0.1.v201404251740
2017-08-19 15:24:09,106 - org.eclipse.andmore - 0.5.0.201605181018
2017-08-19 15:24:09,106 - org.eclipse.andmore.base - 0.5.0.201605181018
2017-08-19 15:24:09,138 - org.eclipse.andmore.ddms - 0.5.0.201605181018
2017-08-19 15:24:09,216 - org.eclipse.andmore.overlay - 0.5.0.201605181018
2017-08-19 15:24:09,247 - org.apache.commons.codec - 1.6.0.v201305230611
2017-08-19 15:24:09,247 - org.apache.commons.compress - 1.6.0.v201310281400
2017-08-19 15:24:09,262 - org.apache.httpcomponents.httpclient - 4.3.6.v201511171540
2017-08-19 15:24:09,262 - org.apache.httpcomponents.httpcore - 4.3.3.v201411290715
2017-08-19 15:24:09,372 - org.eclipse.datatools.modelbase.dbdefinition - 1.1.0.201603142002
2017-08-19 15:24:09,419 - org.eclipse.datatools.modelbase.sql.edit - 1.1.0.201603142002
2017-08-19 15:24:09,434 - org.eclipse.datatools.modelbase.sql.query - 1.2.0.201603142002
2017-08-19 15:24:09,481 - org.eclipse.datatools.modelbase.sql.query.edit - 1.1.0.201603142002
2017-08-19 15:24:09,481 - org.eclipse.datatools.modelbase.sql.xml.query - 1.1.0.201603142002
2017-08-19 15:24:09,528 - org.eclipse.datatools.modelbase.sql - 1.1.0.201603142002
2017-08-19 15:24:09,603 - org.eclipse.oomph.setup.editor - 1.7.0.v20170104-1401
2017-08-19 15:24:09,619 - org.eclipse.oomph.setup.ui - 1.7.0.v20170305-1123
2017-08-19 15:24:09,634 - org.eclipse.oomph.setup.doc - 1.7.0.v20170104-1401
2017-08-19 15:24:09,650 - org.eclipse.oomph.setup.ui.questionnaire - 1.7.0.v20170104-1401
2017-08-19 15:24:09,650 - org.eclipse.oomph.jreinfo.ui - 1.7.0.v20161220-1444
2017-08-19 15:24:09,728 - org.eclipse.emf.mapping - 2.9.0.v20160526-0356
2017-08-19 15:24:09,791 - org.eclipse.emf.ecore - 2.12.0.v20160420-0247
2017-08-19 15:24:09,822 - org.eclipse.emf.ecore.change - 2.11.0.v20160420-0247
2017-08-19 15:24:09,822 - org.eclipse.emf.ecore.xmi - 2.12.0.v20160420-0247
2017-08-19 15:24:09,869 - org.eclipse.jgit - 4.6.1.201703071140-r
2017-08-19 15:24:10,010 - org.eclipse.jgit.archive - 4.6.1.201703071140-r
2017-08-19 15:24:10,025 - com.jcraft.jsch - 0.1.54.v20170116-1932
2017-08-19 15:24:10,056 - javaewah - 1.1.6.v20160919-1400
2017-08-19 15:24:10,056 - org.apache.commons.compress - 1.6.0.v201310281400
2017-08-19 15:24:10,056 - org.slf4j.api - 1.7.2.v20121108-1250
2017-08-19 15:24:10,056 - org.slf4j.impl.log4j12 - 1.7.2.v20131105-2200
2017-08-19 15:24:10,072 - org.apache.log4j - 1.2.15.v201012070815
2017-08-19 15:24:10,135 - org.eclipse.mylyn.wikitext.core - 2.10.1.v20161129-1925
2017-08-19 15:24:10,338 - org.eclipse.mylyn.wikitext.core.ant - 2.10.1.v20161129-1925
2017-08-19 15:24:10,431 - org.eclipse.mylyn.wikitext.core.osgi - 2.10.1.v20161129-1925
2017-08-19 15:24:10,463 - org.eclipse.mylyn.wikitext.textile.core - 2.10.1.v20161129-1925
2017-08-19 15:24:10,713 - org.eclipse.mylyn.wikitext.html.core - 2.10.1.v20161129-1925
2017-08-19 15:24:10,744 - org.eclipse.mylyn.wikitext.markdown.core - 2.10.1.v20161129-1925
2017-08-19 15:24:10,775 - org.eclipse.mylyn.wikitext.mediawiki.core - 2.10.1.v20161129-1925
2017-08-19 15:24:10,994 - org.eclipse.mylyn.wikitext.mediawiki.core.ant - 2.10.1.v20161129-1925
2017-08-19 15:24:11,025 - org.eclipse.mylyn.wikitext.confluence.core - 2.10.1.v20161129-1925
2017-08-19 15:24:11,041 - org.eclipse.mylyn.wikitext.tracwiki.core - 2.10.1.v20161129-1925
2017-08-19 15:24:11,291 - org.eclipse.mylyn.wikitext.twiki.core - 2.10.1.v20161129-1925
2017-08-19 15:24:11,322 - org.eclipse.mylyn.wikitext.ui - 2.10.1.v20161129-1925
2017-08-19 15:24:11,322 - org.eclipse.mylyn.wikitext.help.ui - 2.10.1.v20161129-1925
2017-08-19 15:24:11,431 - org.eclipse.mylyn.wikitext.textile.ui - 2.10.1.v20161129-1925
2017-08-19 15:24:11,494 - org.eclipse.mylyn.wikitext.markdown.ui - 2.10.1.v20161129-1925
2017-08-19 15:24:11,588 - org.eclipse.mylyn.wikitext.mediawiki.ui - 2.10.1.v20161129-1925
2017-08-19 15:24:11,697 - org.eclipse.mylyn.wikitext.confluence.ui - 2.10.1.v20161129-1925
2017-08-19 15:24:11,775 - org.eclipse.mylyn.wikitext.tracwiki.ui - 2.10.1.v20161129-1925
2017-08-19 15:24:11,853 - org.eclipse.mylyn.wikitext.twiki.ui - 2.10.1.v20161129-1925
2017-08-19 15:24:12,119 - org.eclipse.mylyn.wikitext.tasks.ui - 2.10.1.v20161129-1925
2017-08-19 15:24:12,275 - org.eclipse.mylyn.wikitext.context.ui - 2.10.1.v20161129-1925
2017-08-19 15:24:12,322 - org.eclipse.mylyn.wikitext.asciidoc.core - 2.10.1.v20161129-1925
2017-08-19 15:24:12,400 - org.eclipse.mylyn.wikitext.asciidoc.ui - 2.10.1.v20161129-1925
2017-08-19 15:24:12,557 - org.eclipse.emf.mapping.ecore.editor - 2.6.0.v20160526-0356
2017-08-19 15:24:12,775 - org.eclipse.emf.mapping.ecore2ecore.editor - 2.7.0.v20160526-0356
2017-08-19 15:24:12,807 - org.eclipse.emf.mapping.ecore2xml.ui - 2.8.0.v20160526-0356
2017-08-19 15:24:13,025 - org.eclipse.recommenders.mylyn.rcp - 2.4.6.v20170307-1041
2017-08-19 15:24:14,885 - org.apache.ant - 1.9.6.v201510161327
2017-08-19 15:24:14,885 - org.eclipse.ant.core - 3.4.100.v20160505-0642
2017-08-19 15:24:14,885 - com.jcraft.jsch - 0.1.54.v20170116-1932
2017-08-19 15:24:14,885 - org.eclipse.compare.core - 3.6.0.v20160418-1534
2017-08-19 15:24:14,916 - org.eclipse.compare - 3.7.1.v20170103-1805
2017-08-19 15:24:15,135 - org.eclipse.compare.win32 - 1.1.0.v20160418-1534
2017-08-19 15:24:15,135 - org.eclipse.core.filebuffers - 3.6.0.v20160503-1849
2017-08-19 15:24:15,135 - org.eclipse.core.filesystem - 1.6.1.v20161113-2349
2017-08-19 15:24:15,135 - org.eclipse.core.net - 1.3.0.v20160418-1534
2017-08-19 15:24:15,135 - org.eclipse.core.net.win32.x86_64 - 1.1.0.v20160323-1650
2017-08-19 15:24:15,135 - org.eclipse.core.resources - 3.11.1.v20161107-2032
2017-08-19 15:24:15,275 - org.eclipse.osgi.util - 3.3.100.v20150423-1351
2017-08-19 15:24:15,307 - org.eclipse.debug.core - 3.10.100.v20160419-1720
2017-08-19 15:24:15,322 - org.eclipse.debug.ui - 3.11.202.v20161114-0338
2017-08-19 15:24:15,322 - org.eclipse.equinox.event - 1.3.200.v20160324-1850
2017-08-19 15:24:15,322 - org.eclipse.ltk.core.refactoring - 3.7.0.v20160419-0705
2017-08-19 15:24:15,338 - org.eclipse.ltk.ui.refactoring - 3.8.0.v20160518-1817
2017-08-19 15:24:15,338 - org.eclipse.platform - 4.6.3.v20170301-0400
2017-08-19 15:24:15,385 - org.eclipse.platform.doc.user - 4.6.1.v20160727-2009
2017-08-19 15:24:15,400 - org.eclipse.search - 3.11.1.v20161113-1700
2017-08-19 15:24:15,400 - org.eclipse.team.core - 3.8.0.v20160418-1534
2017-08-19 15:24:15,400 - org.eclipse.team.ui - 3.8.0.v20160518-1906
2017-08-19 15:24:15,400 - org.eclipse.text - 3.6.0.v20160503-1849
2017-08-19 15:24:15,400 - org.eclipse.jface.text - 3.11.2.v20170220-1911
2017-08-19 15:24:15,400 - org.eclipse.jsch.core - 1.3.0.v20160422-1917
2017-08-19 15:24:15,447 - org.eclipse.jsch.ui - 1.3.0.v20160323-1650
2017-08-19 15:24:15,447 - org.eclipse.ui.console - 3.6.201.v20161107-0337
2017-08-19 15:24:15,447 - org.eclipse.ui.intro - 3.5.2.v20161116-1147
2017-08-19 15:24:15,447 - org.eclipse.ui.intro.universal - 3.3.1.v20160829-1558
2017-08-19 15:24:15,463 - org.eclipse.ui.cheatsheets - 3.5.0.v20160504-0839
2017-08-19 15:24:15,479 - org.eclipse.ui.browser - 3.5.2.v20161114-0210
2017-08-19 15:24:15,479 - org.eclipse.ui.monitoring - 1.1.2.v20170203-1115
2017-08-19 15:24:15,510 - org.eclipse.ui.navigator - 3.6.101.v20161006-1120
2017-08-19 15:24:15,510 - org.eclipse.ui.navigator.resources - 3.5.101.v20161006-0640
2017-08-19 15:24:15,510 - org.eclipse.ui.net - 1.3.0.v20160426-1633
2017-08-19 15:24:15,510 - org.eclipse.ui.workbench.texteditor - 3.10.1.v20160818-1626
2017-08-19 15:24:15,510 - org.eclipse.ui.views - 3.8.102.v20170111-0801
2017-08-19 15:24:15,510 - org.eclipse.ui.editors - 3.10.1.v20161106-1856
2017-08-19 15:24:15,510 - org.eclipse.ui.externaltools - 3.3.100.v20160518-1858
2017-08-19 15:24:15,525 - org.eclipse.ui.ide - 3.12.3.v20170119-0935
2017-08-19 15:24:15,525 - org.eclipse.ui.ide.application - 1.1.101.v20160829-0827
2017-08-19 15:24:15,525 - org.eclipse.ui.win32 - 3.3.0.v20160505-1310
2017-08-19 15:24:15,525 - org.eclipse.core.resources.win32.x86_64 - 3.5.0.v20140124-1940
2017-08-19 15:24:15,525 - org.eclipse.core.filesystem.win32.x86_64 - 1.4.0.v20140124-1940
2017-08-19 15:24:15,525 - org.eclipse.core.variables - 3.3.0.v20160419-1720
2017-08-19 15:24:15,525 - org.eclipse.ui.forms - 3.7.1.v20161220-1635
2017-08-19 15:24:15,557 - org.eclipse.ui.views.properties.tabbed - 3.7.0.v20160310-0903
2017-08-19 15:24:15,557 - org.eclipse.equinox.security - 1.2.200.v20150715-1528
2017-08-19 15:24:15,604 - org.eclipse.equinox.security.ui - 1.1.300.v20150803-1225
2017-08-19 15:24:15,604 - org.eclipse.equinox.security.win32.x86_64 - 1.0.100.v20130327-1442
2017-08-19 15:24:15,807 - org.eclipse.core.externaltools - 1.0.400.v20160509-1057
2017-08-19 15:24:15,807 - org.eclipse.ui.themes - 1.1.300.v20161107-1827
2017-08-19 15:24:15,807 - org.eclipse.core.runtime - 3.12.0.v20160606-1342
2017-08-19 15:24:15,807 - org.eclipse.ui.intro.quicklinks - 1.0.0.v20160515-0255
2017-08-19 15:24:15,885 - org.eclipse.mylyn.discovery.core - 3.21.0.v20160729-1739
2017-08-19 15:24:15,885 - org.eclipse.mylyn.discovery.ui - 3.21.0.v20160630-1702
2017-08-19 15:24:15,963 - org.eclipse.emf.ecore.edit - 2.9.0.v20160526-0356
2017-08-19 15:24:16,119 - org.eclipse.emf.ecore.change.edit - 2.6.0.v20160526-0356
2017-08-19 15:24:16,229 - org.eclipse.sequoyah.vnc.protocol - 2.1.0.N20120718-0509
2017-08-19 15:24:16,447 - org.eclipse.mylyn.versions.core - 1.13.0.v20160630-2022
2017-08-19 15:24:16,541 - org.eclipse.mylyn.versions.ui - 1.13.0.v20160630-2022
2017-08-19 15:24:16,682 - org.eclipse.emf.mapping.ecore - 2.6.0.v20160526-0356
2017-08-19 15:24:16,869 - org.eclipse.emf.mapping.ecore2ecore - 2.9.0.v20160526-0356
2017-08-19 15:24:17,104 - org.eclipse.emf.mapping.ecore2xml - 2.9.0.v20160526-0356
2017-08-19 15:24:17,135 - org.eclipse.andmore.traceview - 0.5.0.201605181018
2017-08-19 15:24:17,213 - org.eclipse.sequoyah.localization.android - 2.1.0.N20120718-0509
2017-08-19 15:24:17,229 - org.eclipse.sequoyah.localization.android.help - 2.1.1.N20120718-0509
2017-08-19 15:24:17,275 - org.eclipse.m2e.logback.configuration - 1.7.0.20160603-1933
2017-08-19 15:24:17,275 - org.eclipse.m2e.logback.appender - 1.7.0.20160603-1933
2017-08-19 15:24:17,338 - org.eclipse.emf.codegen - 2.11.0.v20160526-0356
2017-08-19 15:24:17,401 - org.eclipse.wst.dtd.ui - 1.0.801.v201308100602
2017-08-19 15:24:17,463 - org.eclipse.wst.dtd.ui.infopop - 1.0.400.v201309112106
2017-08-19 15:24:17,541 - org.eclipse.wst.sse.ui.infopop - 1.0.300.v201309112106
2017-08-19 15:24:17,635 - org.eclipse.wst.xml.ui.infopop - 1.0.400.v201309112106
2017-08-19 15:24:17,666 - org.eclipse.wst.sse.ui - 1.3.500.v201605120129
2017-08-19 15:24:17,666 - org.eclipse.wst.xml.ui - 1.1.700.v201604272318
2017-08-19 15:24:17,682 - org.eclipse.wst.xsd.ui - 1.2.600.v201511240159
2017-08-19 15:24:17,775 - org.eclipse.emf - 2.6.0.v20160526-0356
2017-08-19 15:24:17,947 - org.eclipse.datatools.doc.user - 1.7.0.20090521092446
2017-08-19 15:24:18,010 - org.eclipse.datatools.oda.cshelp - 1.2.0.201603142002
2017-08-19 15:24:18,010 - org.eclipse.datatools.help - 1.6.0.201603142002
2017-08-19 15:24:18,057 - org.eclipse.mylyn.tasks.bugs - 3.21.0.v20160929-1805
2017-08-19 15:24:18,057 - org.eclipse.mylyn.help.ui - 3.21.0.v20160913-2013
2017-08-19 15:24:18,104 - org.eclipse.draw2d - 3.10.100.201606061308
2017-08-19 15:24:18,151 - org.eclipse.emf.edit - 2.12.0.v20160526-0356
2017-08-19 15:24:18,182 - org.eclipse.mylyn.commons.core - 3.21.0.v20160707-1856
2017-08-19 15:24:18,197 - org.eclipse.mylyn.commons.screenshots - 3.21.0.v20160630-1702
2017-08-19 15:24:18,197 - org.eclipse.mylyn.commons.ui - 3.21.0.v20160630-1702
2017-08-19 15:24:18,197 - org.eclipse.mylyn.commons.workbench - 3.21.0.v20160630-1702
2017-08-19 15:24:18,307 - org.eclipse.mylyn.bugzilla.ide - 3.21.0.v20160912-1820
2017-08-19 15:24:18,510 - org.eclipse.mylyn.ide.ui - 3.21.0.v20160701-1337
2017-08-19 15:24:18,588 - org.eclipse.emf.databinding.edit - 1.3.0.v20160526-0356
2017-08-19 15:24:18,635 - org.eclipse.emf.codegen.ecore - 2.12.0.v20160526-0356
2017-08-19 15:24:18,838 - org.eclipse.emf.ant - 2.8.0.v20160526-0356
2017-08-19 15:24:20,026 - org.eclipse.m2e.archetype.common - 1.7.0.20160603-1931
2017-08-19 15:24:20,354 - org.eclipse.m2e.maven.indexer - 1.7.0.20160603-1931
2017-08-19 15:24:20,385 - org.eclipse.m2e.model.edit - 1.7.0.20160603-1933
2017-08-19 15:24:20,401 - org.eclipse.m2e.core - 1.7.0.20160603-1933
2017-08-19 15:24:20,448 - org.eclipse.m2e.launching - 1.7.0.20160603-1933
2017-08-19 15:24:20,557 - org.eclipse.m2e.workspace.cli - 0.3.1
2017-08-19 15:24:20,760 - org.eclipse.m2e.jdt - 1.7.0.20160603-1933
2017-08-19 15:24:20,776 - org.eclipse.m2e.editor - 1.7.0.20160603-1933
2017-08-19 15:24:20,791 - org.eclipse.m2e.editor.xml - 1.7.0.20160603-1933
2017-08-19 15:24:24,573 - org.eclipse.m2e.maven.runtime - 1.7.0.20160603-1931
2017-08-19 15:24:24,713 - org.eclipse.m2e.maven.runtime.slf4j.simple - 1.7.0.20160603-1931
2017-08-19 15:24:24,729 - org.eclipse.m2e.refactoring - 1.7.0.20160603-1933
2017-08-19 15:24:24,823 - org.eclipse.m2e.lifecyclemapping.defaults - 1.7.0.20160603-1933
2017-08-19 15:24:24,870 - org.eclipse.m2e.discovery - 1.7.0.20160603-1933
2017-08-19 15:24:24,885 - org.eclipse.m2e.core.ui - 1.7.0.20160603-1933
2017-08-19 15:24:24,916 - org.eclipse.m2e.scm - 1.7.0.20160603-1933
2017-08-19 15:24:24,932 - org.eclipse.m2e.jdt.ui - 1.7.0.20160603-1933
2017-08-19 15:24:25,073 - org.eclipse.m2e.profiles.core - 1.7.0.20160603-1933
2017-08-19 15:24:25,276 - org.eclipse.m2e.profiles.ui - 1.7.0.20160603-1933
2017-08-19 15:24:25,385 - org.eclipse.m2e.importer - 1.7.0.20160603-1933
2017-08-19 15:24:25,463 - org.eclipse.andmore.ndk - 0.5.0.201605181018
2017-08-19 15:24:25,479 - org.eclipse.andmore.gldebugger - 0.5.0.201605181018
2017-08-19 15:24:25,541 - org.eclipse.mylyn.hudson.core - 1.13.0.v20160806-1446
2017-08-19 15:24:25,713 - org.eclipse.mylyn.hudson.ui - 1.13.0.v20160704-1634
2017-08-19 15:24:25,776 - org.eclipse.epp.mpc.core - 1.5.4.v20170222-1921
2017-08-19 15:24:25,791 - org.eclipse.epp.mpc.ui - 1.5.4.v20170222-1941
2017-08-19 15:24:25,807 - org.eclipse.epp.mpc.help.ui - 1.5.4.v20170201-1845
2017-08-19 15:24:25,807 - org.apache.httpcomponents.httpclient - 4.3.6.v201511171540
2017-08-19 15:24:25,807 - org.apache.httpcomponents.httpcore - 4.3.3.v201411290715
2017-08-19 15:24:25,963 - org.eclipse.mylyn.git.core - 1.13.0.v20160630-2022
2017-08-19 15:24:26,073 - org.eclipse.mylyn.git.ui - 1.13.0.v20160630-2022
2017-08-19 15:24:26,151 - org.eclipse.datatools.connectivity.oda.consumer - 3.3.0.201603142002
2017-08-19 15:24:26,166 - org.eclipse.datatools.connectivity.oda.design - 3.4.0.201603142002
2017-08-19 15:24:26,338 - org.eclipse.datatools.connectivity.oda.profile - 3.3.0.201603142002
2017-08-19 15:24:26,354 - org.eclipse.datatools.connectivity.oda - 3.5.0.201603142002
2017-08-19 15:24:26,354 - org.eclipse.datatools.connectivity - 1.13.0.201603142002
2017-08-19 15:24:26,417 - org.eclipse.andmore.android.certmanager - 0.5.0.201605181018
2017-08-19 15:24:26,479 - org.eclipse.recommenders.snipmatch - 2.4.6.v20170307-1041
2017-08-19 15:24:26,479 - org.eclipse.recommenders.snipmatch.rcp - 2.4.6.v20170307-1041
2017-08-19 15:24:26,604 - org.eclipse.cdt.gdb - 7.0.0.201703062208
2017-08-19 15:24:26,698 - org.eclipse.cdt.gdb.ui - 7.0.0.201703062208
2017-08-19 15:24:26,776 - org.eclipse.sequoyah.localization.tools - 2.1.0.N20120718-0509
2017-08-19 15:24:26,792 - org.eclipse.sequoyah.localization.editor - 2.1.0.N20120718-0509
2017-08-19 15:24:26,823 - org.eclipse.pde - 3.12.3.v20170301-0400
2017-08-19 15:24:26,948 - org.eclipse.pde.build - 3.9.200.v20160204-0642
2017-08-19 15:24:26,948 - org.eclipse.pde.core - 3.11.1.v20161115-1951
2017-08-19 15:24:27,104 - org.eclipse.pde.junit.runtime - 3.5.0.v20151013-0625
2017-08-19 15:24:27,120 - org.eclipse.pde.runtime - 3.5.0.v20160418-1724
2017-08-19 15:24:27,151 - org.eclipse.pde.ui - 3.9.100.v20161102-0517
2017-08-19 15:24:27,182 - org.eclipse.pde.doc.user - 3.12.2.v20170221-1001
2017-08-19 15:24:27,213 - org.eclipse.pde.ui.templates - 3.6.0.v20160424-1948
2017-08-19 15:24:27,229 - org.eclipse.ui.views.log - 1.2.1.v20160829-0826
2017-08-19 15:24:27,229 - org.objectweb.asm - 5.0.1.v201404251740
2017-08-19 15:24:27,479 - org.objectweb.asm.tree - 5.0.1.v201404251740
2017-08-19 15:24:27,495 - org.eclipse.pde.api.tools - 1.1.2.v20161115-0549
2017-08-19 15:24:27,588 - org.eclipse.pde.api.tools.annotations - 1.0.100.v20160418-1724
2017-08-19 15:24:27,588 - org.eclipse.pde.api.tools.ui - 1.1.0.v20160519-0701
2017-08-19 15:24:27,620 - org.eclipse.pde.ds.core - 1.1.0.v20151201-1325
2017-08-19 15:24:27,620 - org.eclipse.pde.ds.ui - 1.1.0.v20160518-1843
2017-08-19 15:24:27,620 - org.eclipse.pde.launching - 3.6.401.v20161115-0549
2017-08-19 15:24:27,651 - org.eclipse.pde.ua.core - 1.0.500.v20160204-0642
2017-08-19 15:24:27,651 - org.eclipse.pde.ua.ui - 1.1.0.v20160518-1843
2017-08-19 15:24:27,651 - org.eclipse.ui.trace - 1.0.400.v20160509-1055
2017-08-19 15:24:27,667 - org.eclipse.pde.ds.annotations - 1.0.0.v20160525-1437
2017-08-19 15:24:27,745 - net.sourceforge.lpg.lpgjavaruntime - 1.1.0.v201004271650
2017-08-19 15:24:27,760 - org.eclipse.datatools.sqltools.parsers.sql.lexer - 1.1.0.201603142002
2017-08-19 15:24:27,776 - org.eclipse.datatools.sqltools.parsers.sql.query - 1.3.0.201603142002
2017-08-19 15:24:27,807 - org.eclipse.datatools.sqltools.parsers.sql.xml.query - 1.1.0.201603142002
2017-08-19 15:24:27,838 - org.eclipse.datatools.sqltools.parsers.sql - 1.1.0.201603142002
2017-08-19 15:24:27,870 - org.eclipse.mylyn.java.ui - 3.21.0.v20160701-1337
2017-08-19 15:24:28,010 - org.eclipse.mylyn.java.tasks - 3.21.0.v20160701-1337
2017-08-19 15:24:28,010 - org.eclipse.mylyn.ide.ui - 3.21.0.v20160701-1337
2017-08-19 15:24:28,151 - org.eclipse.mylyn.ide.ant - 3.21.0.v20160701-1337
2017-08-19 15:24:28,354 - org.eclipse.mylyn.debug.ui - 3.21.0.v20160701-1337
2017-08-19 15:24:28,432 - org.eclipse.mylyn.team.ui - 3.21.0.v20160701-1337
2017-08-19 15:24:28,495 - org.eclipse.datatools.sqltools.sql - 1.1.0.201603142002
2017-08-19 15:24:28,495 - org.eclipse.datatools.sqltools.common.ui - 1.1.0.201603142002
2017-08-19 15:24:28,495 - org.eclipse.datatools.sqltools.plan - 1.1.0.201603142002
2017-08-19 15:24:28,495 - org.eclipse.datatools.sqltools.editor.core - 1.1.0.201603142002
2017-08-19 15:24:28,495 - org.eclipse.datatools.sqltools.sqleditor - 1.1.0.201603142002
2017-08-19 15:24:28,526 - org.eclipse.datatools.sqltools.ddlgen.ui - 1.1.0.201603142002
2017-08-19 15:24:28,651 - org.eclipse.datatools.connectivity.db.generic - 1.1.0.201603142002
2017-08-19 15:24:28,651 - org.eclipse.datatools.sqltools.editor.core.ui - 1.1.0.201603142002
2017-08-19 15:24:28,651 - org.eclipse.datatools.sqltools.sql.ui - 1.1.0.201603142002
2017-08-19 15:24:28,713 - org.eclipse.emf.common.ui - 2.11.0.v20160526-0356
2017-08-19 15:24:28,760 - org.eclipse.mylyn.commons.repositories.core - 1.13.0.v20160630-1702
2017-08-19 15:24:28,760 - org.eclipse.mylyn.commons.repositories.ui - 1.13.0.v20160630-1702
2017-08-19 15:24:28,870 - org.eclipse.sequoyah.device.common.utilities - 2.1.0.N20120718-0509
2017-08-19 15:24:28,932 - org.eclipse.andmore.android.common - 0.5.0.201605181018
2017-08-19 15:24:28,932 - org.eclipse.andmore.android.codeutils - 0.5.0.201605181018
2017-08-19 15:24:29,182 - org.eclipse.andmore.android.translation - 0.5.0.201605181018
2017-08-19 15:24:29,182 - org.eclipse.andmore.android.codesnippets - 0.5.0.201605181018
2017-08-19 15:24:29,182 - org.eclipse.andmore.android.db.core - 0.5.0.201605181018
2017-08-19 15:24:29,182 - org.eclipse.andmore.android.logger - 0.5.0.201605181018
2017-08-19 15:24:29,182 - org.eclipse.andmore.android - 0.5.0.201605181018
2017-08-19 15:24:29,260 - org.eclipse.andmore.android.emulator - 0.5.0.201605181018
2017-08-19 15:24:29,354 - org.eclipse.andmore.android.launch - 0.5.0.201605181018
2017-08-19 15:24:29,354 - org.eclipse.andmore.android.packaging.ui - 0.5.0.201605181018
2017-08-19 15:24:29,573 - org.eclipse.andmore.android.handset - 0.5.0.201605181018
2017-08-19 15:24:29,573 - org.eclipse.andmore.android.remote - 0.5.0.201605181018
2017-08-19 15:24:29,573 - org.eclipse.andmore.android.win32.x86_64 - 0.5.0.201605181018
2017-08-19 15:24:29,573 - org.eclipse.andmore.android.mat - 0.5.0.201605181018
2017-08-19 15:24:29,573 - org.eclipse.andmore.android.devices.services - 0.5.0.201605181018
2017-08-19 15:24:29,573 - org.eclipse.andmore.android.db.devices - 0.5.0.201605181018
2017-08-19 15:24:29,651 - org.eclipse.andmore.android.installer - 0.5.0.201605181018
2017-08-19 15:24:30,026 - org.eclipse.andmore.android.logger.collector - 0.5.0.201605181018
2017-08-19 15:24:30,151 - org.eclipse.emf.mapping.ui - 2.7.0.v20160526-0356
2017-08-19 15:24:30,182 - org.eclipse.mylyn.monitor.core - 3.21.0.v20160630-1702
2017-08-19 15:24:30,182 - org.eclipse.mylyn.monitor.ui - 3.21.0.v20160630-1702
2017-08-19 15:24:30,292 - org.eclipse.datatools.connectivity.oda.template.ui - 3.3.0.201603142002
2017-08-19 15:24:30,354 - org.eclipse.sequoyah.vnc.vncviewer - 2.1.0.N20120718-0509
2017-08-19 15:24:30,385 - org.eclipse.emf.codegen.ecore.ui - 2.12.0.v20160526-0356
2017-08-19 15:24:30,417 - org.eclipse.emf.ecore.editor - 2.12.0.v20160526-0356
2017-08-19 15:24:30,495 - org.eclipse.epp.package.android - 4.6.3.20170314-1500
2017-08-19 15:24:30,542 - org.eclipse.mylyn.builds.core - 1.13.0.v20160704-1634
2017-08-19 15:24:30,557 - org.eclipse.mylyn.builds.ui - 1.13.0.v20160725-1817
2017-08-19 15:24:30,573 - org.eclipse.mylyn.context.core - 3.21.0.v20160701-1337
2017-08-19 15:24:30,573 - org.eclipse.mylyn.context.ui - 3.21.0.v20160701-1337
2017-08-19 15:24:30,604 - org.eclipse.mylyn.resources.ui - 3.21.0.v20160701-1337
2017-08-19 15:24:30,604 - org.eclipse.mylyn.context.tasks.ui - 3.21.0.v20160815-2336
2017-08-19 15:24:30,667 - org.eclipse.emf.databinding - 1.3.0.v20160526-0356
2017-08-19 15:24:30,729 - org.eclipse.datatools.connectivity.sqm.core.ui - 1.3.0.201603142002
2017-08-19 15:24:30,729 - org.eclipse.datatools.connectivity.sqm.core - 1.3.0.201603142002
2017-08-19 15:24:30,761 - org.eclipse.datatools.connectivity.sqm.server.ui - 1.2.0.201603142002
2017-08-19 15:24:30,761 - org.eclipse.datatools.connectivity.ui.dse - 1.2.0.201603142002
2017-08-19 15:24:30,761 - org.eclipse.datatools.connectivity.ui - 1.3.0.201603142002
2017-08-19 15:24:30,761 - org.eclipse.datatools.connectivity - 1.13.0.201603142002
2017-08-19 15:24:30,761 - org.eclipse.datatools.help - 1.6.0.201603142002
2017-08-19 15:24:30,897 - org.eclipse.datatools.connectivity.console.profile - 1.1.0.201603142002
2017-08-19 15:24:30,975 - org.eclipse.oomph.setup - 1.7.0.v20170224-1311
2017-08-19 15:24:30,990 - org.eclipse.oomph.setup.edit - 1.7.0.v20170104-1401
2017-08-19 15:24:30,990 - org.eclipse.oomph.setup.core - 1.7.0.v20170301-0747
2017-08-19 15:24:31,022 - org.eclipse.oomph.setup.sync - 1.7.0.v20170201-1631
2017-08-19 15:24:31,022 - org.eclipse.oomph.setup.p2 - 1.7.0.v20170217-1051
2017-08-19 15:24:31,022 - org.eclipse.oomph.setup.p2.edit - 1.7.0.v20161230-1057
2017-08-19 15:24:31,053 - org.eclipse.oomph.preferences - 1.7.0.v20170104-1401
2017-08-19 15:24:31,318 - org.eclipse.oomph.jreinfo - 1.7.0.v20170201-1645
2017-08-19 15:24:31,318 - org.eclipse.oomph.jreinfo.win32.x86_64 - 1.2.0.v20160426-0508
2017-08-19 15:24:31,459 - org.eclipse.oomph.extractor.lib - 1.3.0.v20161116-0647
2017-08-19 15:24:31,459 - org.apache.commons.logging - 1.1.1.v201101211721
2017-08-19 15:24:31,459 - org.apache.commons.codec - 1.6.0.v201305230611
2017-08-19 15:24:31,459 - org.apache.httpcomponents.httpclient - 4.3.6.v201511171540
2017-08-19 15:24:31,459 - org.apache.httpcomponents.httpcore - 4.3.3.v201411290715
2017-08-19 15:24:31,490 - org.eclipse.userstorage - 1.0.1.v20170201-1648
2017-08-19 15:24:31,506 - org.eclipse.userstorage.ui - 1.0.1.v20170201-1648
