2017-08-19 15:04:14,445 [main] DEBUG class java.lang.Class - Starting Andmore Common Plugin...
2017-08-19 15:04:14,445 [main] DEBUG class java.lang.Class - Andmore Common Plugin started.
2017-08-19 15:04:14,445 [main] DEBUG class java.lang.Class - Starting Andmore Plugin...
2017-08-19 15:04:14,445 [main] DEBUG class java.lang.Class - Andmore Plugin started.
2017-08-19 15:04:18,934 [main] DEBUG class java.lang.Class - Starting Andmore Emulator Plugin...
2017-08-19 15:04:19,089 [main] DEBUG class java.lang.Class - Andmore Emulator Plugin started.
2017-08-19 15:04:19,098 [main] DEBUG class java.lang.Class - Starting Andmore Handset Plugin...
2017-08-19 15:04:19,098 [main] DEBUG class java.lang.Class - Andmore Handset Plugin started.
2017-08-19 15:04:19,177 [main] DEBUG class java.lang.Class - Starting Andmore Remote Device Plugin...
2017-08-19 15:04:19,178 [main] DEBUG class java.lang.Class - Starting Andmore Remote Device Plugin started.
2017-08-19 15:04:19,188 [main] DEBUG class java.lang.Class - Starting Andmore Device Services Plugin...
2017-08-19 15:04:19,189 [main] DEBUG class java.lang.Class - Andmore Device Services Plugin started.
2017-08-19 15:05:15,733 [main] DEBUG class java.lang.Class - Starting DDMS facade using listener...
2017-08-19 15:05:15,749 [main] DEBUG class java.lang.Class - DDMS facade started using listener.
2017-08-19 15:05:31,352 [Worker-6] ERROR Studio for Android - Handler could not be instanced(PLUGIN=org.eclipse.sequoyah.device.framework;ERROR=202)
2017-08-19 15:05:31,354 [Worker-6] ERROR Studio for Android - Handler could not be instanced(PLUGIN=org.eclipse.sequoyah.device.framework;ERROR=202)
2017-08-19 15:05:31,354 [Worker-6] ERROR Studio for Android - Handler could not be instanced(PLUGIN=org.eclipse.sequoyah.device.framework;ERROR=202)
2017-08-19 15:05:31,354 [Worker-6] ERROR Studio for Android - Handler could not be instanced(PLUGIN=org.eclipse.sequoyah.device.framework;ERROR=202)
2017-08-19 15:05:31,354 [Worker-6] ERROR Studio for Android - Handler could not be instanced(PLUGIN=org.eclipse.sequoyah.device.framework;ERROR=202)
2017-08-19 15:05:31,354 [Worker-6] ERROR Studio for Android - Handler could not be instanced(PLUGIN=org.eclipse.sequoyah.device.framework;ERROR=202)
2017-08-19 15:05:31,355 [Worker-6] ERROR Studio for Android - Handler could not be instanced(PLUGIN=org.eclipse.sequoyah.device.framework;ERROR=202)
2017-08-19 15:05:31,355 [Worker-6] ERROR Studio for Android - Handler could not be instanced(PLUGIN=org.eclipse.sequoyah.device.framework;ERROR=202)
2017-08-19 15:05:31,355 [Worker-6] ERROR Studio for Android - Handler could not be instanced(PLUGIN=org.eclipse.sequoyah.device.framework;ERROR=202)
2017-08-19 15:05:31,355 [Worker-6] ERROR Studio for Android - Handler could not be instanced(PLUGIN=org.eclipse.sequoyah.device.framework;ERROR=202)
2017-08-19 15:05:31,355 [Worker-6] ERROR Studio for Android - Handler could not be instanced(PLUGIN=org.eclipse.sequoyah.device.framework;ERROR=202)
2017-08-19 15:05:31,355 [Worker-6] ERROR Studio for Android - Handler could not be instanced(PLUGIN=org.eclipse.sequoyah.device.framework;ERROR=202)
2017-08-19 15:05:31,356 [Worker-6] ERROR Studio for Android - Handler could not be instanced(PLUGIN=org.eclipse.sequoyah.device.framework;ERROR=202)
2017-08-19 15:05:31,356 [Worker-6] ERROR Studio for Android - Handler could not be instanced(PLUGIN=org.eclipse.sequoyah.device.framework;ERROR=202)
2017-08-19 15:05:31,356 [Worker-6] ERROR Studio for Android - Handler could not be instanced(PLUGIN=org.eclipse.sequoyah.device.framework;ERROR=202)
2017-08-19 15:05:31,356 [Worker-6] ERROR Studio for Android - Handler could not be instanced(PLUGIN=org.eclipse.sequoyah.device.framework;ERROR=202)
2017-08-19 15:05:31,356 [Worker-6] ERROR Studio for Android - Handler could not be instanced(PLUGIN=org.eclipse.sequoyah.device.framework;ERROR=202)
2017-08-19 15:05:31,356 [Worker-6] ERROR Studio for Android - Handler could not be instanced(PLUGIN=org.eclipse.sequoyah.device.framework;ERROR=202)
2017-08-19 15:05:31,356 [Worker-6] ERROR Studio for Android - Handler could not be instanced(PLUGIN=org.eclipse.sequoyah.device.framework;ERROR=202)
2017-08-19 15:05:31,357 [Worker-6] ERROR Studio for Android - Handler could not be instanced(PLUGIN=org.eclipse.sequoyah.device.framework;ERROR=202)
2017-08-19 15:05:31,357 [Worker-6] ERROR Studio for Android - Handler could not be instanced(PLUGIN=org.eclipse.sequoyah.device.framework;ERROR=202)
2017-08-19 15:05:31,357 [Worker-6] ERROR Studio for Android - Handler could not be instanced(PLUGIN=org.eclipse.sequoyah.device.framework;ERROR=202)
2017-08-19 15:05:31,357 [Worker-6] ERROR Studio for Android - Handler could not be instanced(PLUGIN=org.eclipse.sequoyah.device.framework;ERROR=202)
2017-08-19 15:05:31,357 [Worker-6] ERROR Studio for Android - Handler could not be instanced(PLUGIN=org.eclipse.sequoyah.device.framework;ERROR=202)
2017-08-19 15:05:31,357 [Worker-6] ERROR Studio for Android - Handler could not be instanced(PLUGIN=org.eclipse.sequoyah.device.framework;ERROR=202)
2017-08-19 15:05:31,357 [Worker-6] ERROR Studio for Android - Handler could not be instanced(PLUGIN=org.eclipse.sequoyah.device.framework;ERROR=202)
2017-08-19 15:05:31,358 [Worker-6] ERROR Studio for Android - Handler could not be instanced(PLUGIN=org.eclipse.sequoyah.device.framework;ERROR=202)
2017-08-19 15:05:31,358 [Worker-6] ERROR Studio for Android - Handler could not be instanced(PLUGIN=org.eclipse.sequoyah.device.framework;ERROR=202)
2017-08-19 15:05:31,358 [Worker-6] ERROR Studio for Android - Handler could not be instanced(PLUGIN=org.eclipse.sequoyah.device.framework;ERROR=202)
2017-08-19 15:05:31,358 [Worker-6] ERROR Studio for Android - Handler could not be instanced(PLUGIN=org.eclipse.sequoyah.device.framework;ERROR=202)
2017-08-19 15:05:31,358 [Worker-6] INFO  Studio for Android - [Status: id=org.eclipse.andmore.android.emulator.status.offline;name=Offline]
2017-08-19 15:05:31,358 [Worker-6] INFO  Studio for Android - [Status: id=org.eclipse.andmore.android.handset.status.handsetonline;name=Online]
2017-08-19 15:05:31,358 [Worker-6] INFO  Studio for Android - [Status: id=INACTIVE;name=INACTIVE]
2017-08-19 15:05:31,358 [Worker-6] INFO  Studio for Android - [Status: id=org.eclipse.andmore.android.emulator.status.notavailable;name=Not available]
2017-08-19 15:05:31,358 [Worker-6] INFO  Studio for Android - [Status: id=IDLE;name=IDLE]
2017-08-19 15:05:31,358 [Worker-6] INFO  Studio for Android - [Status: id=org.eclipse.andmore.android.remote.status.connected;name=Connected]
2017-08-19 15:05:31,358 [Worker-6] INFO  Studio for Android - [Status: id=org.eclipse.andmore.android.remote.status.disconnected;name=Disconnected]
2017-08-19 15:05:31,359 [Worker-6] INFO  Studio for Android - [Status: id=org.eclipse.andmore.android.emulator.status.online;name=Online]
2017-08-19 15:05:31,359 [Worker-6] INFO  Studio for Android - [Status: id=OFF;name=OFF]
2017-08-19 15:05:31,359 [Worker-6] INFO  Studio for Android - [Status: id=org.eclipse.andmore.android.emulator.status.offlineNoData;name=Offline (no user data)]
2017-08-19 15:08:58,449 [Worker-10] DEBUG class org.eclipse.andmore.android.AndroidPlugin - Notify SDK loader listeners
2017-08-19 15:19:55,574 [Worker-14] DEBUG class org.eclipse.andmore.android.AndroidPlugin - Notify SDK loader listeners
2017-08-19 15:21:55,872 [ModalContext] ERROR Studio for Android - org.eclipse.sequoyah.localization.tools.managers.LocalizationManager: Error getting Localization Schema
2017-08-19 15:21:55,873 [ModalContext] ERROR Studio for Android - org.eclipse.sequoyah.localization.tools.managers.LocalizationManager: Error getting Localization Schema
2017-08-19 15:21:55,873 [ModalContext] ERROR Studio for Android - org.eclipse.sequoyah.localization.tools.managers.LocalizationManager: Error getting Localization Schema
2017-08-19 15:21:55,873 [ModalContext] ERROR Studio for Android - org.eclipse.sequoyah.localization.tools.managers.LocalizationManager: Error getting Localization Schema
2017-08-19 15:21:55,873 [ModalContext] ERROR Studio for Android - org.eclipse.sequoyah.localization.tools.managers.LocalizationManager: Error getting Localization Schema
2017-08-19 15:21:55,873 [ModalContext] ERROR Studio for Android - org.eclipse.sequoyah.localization.tools.managers.LocalizationManager: Error getting Localization Schema
2017-08-19 15:21:55,873 [ModalContext] ERROR Studio for Android - org.eclipse.sequoyah.localization.tools.managers.LocalizationManager: Error getting Localization Schema
2017-08-19 15:21:55,873 [ModalContext] ERROR Studio for Android - org.eclipse.sequoyah.localization.tools.managers.LocalizationManager: Error getting Localization Schema
2017-08-19 15:21:55,873 [ModalContext] ERROR Studio for Android - org.eclipse.sequoyah.localization.tools.managers.LocalizationManager: Error getting Localization Schema
2017-08-19 15:21:55,873 [ModalContext] ERROR Studio for Android - org.eclipse.sequoyah.localization.tools.managers.LocalizationManager: Error getting Localization Schema
2017-08-19 15:21:55,873 [ModalContext] ERROR Studio for Android - org.eclipse.sequoyah.localization.tools.managers.LocalizationManager: Error getting Localization Schema
2017-08-19 15:21:55,873 [ModalContext] ERROR Studio for Android - org.eclipse.sequoyah.localization.tools.managers.LocalizationManager: Error getting Localization Schema
2017-08-19 15:21:55,873 [ModalContext] ERROR Studio for Android - org.eclipse.sequoyah.localization.tools.managers.LocalizationManager: Error getting Localization Schema
2017-08-19 15:21:55,873 [ModalContext] ERROR Studio for Android - org.eclipse.sequoyah.localization.tools.managers.LocalizationManager: Error getting Localization Schema
2017-08-19 15:21:55,873 [ModalContext] ERROR Studio for Android - org.eclipse.sequoyah.localization.tools.managers.LocalizationManager: Error getting Localization Schema
2017-08-19 15:21:55,873 [ModalContext] ERROR Studio for Android - org.eclipse.sequoyah.localization.tools.managers.LocalizationManager: Error getting Localization Schema
2017-08-19 15:21:55,873 [ModalContext] ERROR Studio for Android - org.eclipse.sequoyah.localization.tools.managers.LocalizationManager: Error getting Localization Schema
2017-08-19 15:21:55,874 [ModalContext] ERROR Studio for Android - org.eclipse.sequoyah.localization.tools.managers.LocalizationManager: Error getting Localization Schema
2017-08-19 15:21:55,874 [ModalContext] ERROR Studio for Android - org.eclipse.sequoyah.localization.tools.managers.LocalizationManager: Error getting Localization Schema
2017-08-19 15:21:55,874 [ModalContext] ERROR Studio for Android - org.eclipse.sequoyah.localization.tools.managers.LocalizationManager: Error getting Localization Schema
2017-08-19 15:21:55,874 [ModalContext] ERROR Studio for Android - org.eclipse.sequoyah.localization.tools.managers.LocalizationManager: Error getting Localization Schema
2017-08-19 15:21:55,874 [ModalContext] ERROR Studio for Android - org.eclipse.sequoyah.localization.tools.managers.LocalizationManager: Error getting Localization Schema
2017-08-19 15:21:55,874 [ModalContext] ERROR Studio for Android - org.eclipse.sequoyah.localization.tools.managers.LocalizationManager: Error getting Localization Schema
2017-08-19 15:21:55,874 [ModalContext] ERROR Studio for Android - org.eclipse.sequoyah.localization.tools.managers.LocalizationManager: Error getting Localization Schema
2017-08-19 15:21:55,874 [ModalContext] ERROR Studio for Android - org.eclipse.sequoyah.localization.tools.managers.LocalizationManager: Error getting Localization Schema
2017-08-19 15:21:55,874 [ModalContext] ERROR Studio for Android - org.eclipse.sequoyah.localization.tools.managers.LocalizationManager: Error getting Localization Schema
2017-08-19 15:21:55,874 [ModalContext] ERROR Studio for Android - org.eclipse.sequoyah.localization.tools.managers.LocalizationManager: Error getting Localization Schema
2017-08-19 15:21:55,874 [ModalContext] ERROR Studio for Android - org.eclipse.sequoyah.localization.tools.managers.LocalizationManager: Error getting Localization Schema
2017-08-19 15:21:55,874 [ModalContext] ERROR Studio for Android - org.eclipse.sequoyah.localization.tools.managers.LocalizationManager: Error getting Localization Schema
2017-08-19 15:21:55,874 [ModalContext] ERROR Studio for Android - org.eclipse.sequoyah.localization.tools.managers.LocalizationManager: Error getting Localization Schema
2017-08-19 15:21:55,874 [ModalContext] ERROR Studio for Android - org.eclipse.sequoyah.localization.tools.managers.LocalizationManager: Error getting Localization Schema
2017-08-19 15:21:55,875 [ModalContext] ERROR Studio for Android - org.eclipse.sequoyah.localization.tools.managers.LocalizationManager: Error getting Localization Schema
2017-08-19 15:21:55,875 [ModalContext] ERROR Studio for Android - org.eclipse.sequoyah.localization.tools.managers.LocalizationManager: Error getting Localization Schema
2017-08-19 15:21:55,875 [ModalContext] ERROR Studio for Android - org.eclipse.sequoyah.localization.tools.managers.LocalizationManager: Error getting Localization Schema
2017-08-19 15:21:55,875 [ModalContext] ERROR Studio for Android - org.eclipse.sequoyah.localization.tools.managers.LocalizationManager: Error getting Localization Schema
2017-08-19 15:21:55,875 [ModalContext] ERROR Studio for Android - org.eclipse.sequoyah.localization.tools.managers.LocalizationManager: Error getting Localization Schema
2017-08-19 15:21:55,875 [ModalContext] ERROR Studio for Android - org.eclipse.sequoyah.localization.tools.managers.LocalizationManager: Error getting Localization Schema
2017-08-19 15:21:55,875 [ModalContext] ERROR Studio for Android - org.eclipse.sequoyah.localization.tools.managers.LocalizationManager: Error getting Localization Schema
2017-08-19 15:23:02,079 [main] DEBUG class java.lang.Class - Starting Eclipse Andmore Database Core Plugin...
2017-08-19 15:23:02,391 [main] DEBUG Studio for Android - JDBC Driver Location:bundleentry://69.fwk1121647253/res/androidjdbc.jar JDBC Driver getBundle().getLocation():reference:file:plugins/org.eclipse.andmore.android.common_0.5.0.201605181018.jar
2017-08-19 15:23:02,440 [main] DEBUG Studio for Android - JDBC Driver Path:C:\Users\NGUYENHOANGVANNHA\.eclipse\org.eclipse.platform_4.6.3_248562372_win32_win32_x86_64\configuration\org.eclipse.osgi\69\0\.cp\res\androidjdbc.jar
2017-08-19 15:23:02,440 [main] DEBUG Studio for Android - JDBC Driver Location:bundleentry://69.fwk1121647253/res/androidjdbc.jar JDBC Driver getBundle().getLocation():reference:file:plugins/org.eclipse.andmore.android.common_0.5.0.201605181018.jar
2017-08-19 15:23:02,440 [main] DEBUG Studio for Android - JDBC Driver Path:C:\Users\NGUYENHOANGVANNHA\.eclipse\org.eclipse.platform_4.6.3_248562372_win32_win32_x86_64\configuration\org.eclipse.osgi\69\0\.cp\res\androidjdbc.jar
2017-08-19 15:23:02,480 [main] INFO  Studio for Android - Created a JDBC driver instance at Data Tools.
2017-08-19 15:23:02,507 [main] DEBUG class java.lang.Class - Eclipse Andmore Database Core Plugin started.
2017-08-19 15:23:02,508 [main] DEBUG class java.lang.Class - Starting Eclipse Andmore Database Devices Support Plugin...
2017-08-19 15:23:02,523 [main] DEBUG class java.lang.Class - Eclipse Andmore Database Devices Support Plugin started...
2017-08-19 15:23:04,651 [Framework stop] DEBUG Studio for Android - org.eclipse.sequoyah.device.service.start.StartServicePlugin-SHUTDOWN
2017-08-19 15:23:04,966 [Framework stop] DEBUG Studio for Android - org.eclipse.sequoyah.device.framework.ui.DeviceUIPlugin-SHUTDOWN
2017-08-19 15:23:04,966 [Framework stop] DEBUG Studio for Android - org.eclipse.sequoyah.device.service.stop.StopServicePlugin-SHUTDOWN
2017-08-19 15:23:04,967 [Framework stop] DEBUG Studio for Android - org.eclipse.sequoyah.device.framework.DevicePlugin-SHUTDOWN
2017-08-19 15:24:31,506 [Worker-4] DEBUG class java.lang.Class - Starting Andmore Common Plugin...
2017-08-19 15:24:31,506 [Worker-4] DEBUG class java.lang.Class - Andmore Common Plugin started.
2017-08-19 15:24:31,506 [Worker-4] DEBUG class java.lang.Class - Starting Andmore Plugin...
2017-08-19 15:24:31,522 [Worker-4] DEBUG class java.lang.Class - Andmore Plugin started.
2017-08-19 15:24:31,615 [Worker-4] DEBUG class java.lang.Class - Starting Andmore Emulator Plugin...
2017-08-19 15:24:31,647 [Worker-4] DEBUG class java.lang.Class - Andmore Emulator Plugin started.
2017-08-19 15:24:50,923 [Worker-4] DEBUG class java.lang.Class - Starting Andmore Device Services Plugin...
2017-08-19 15:24:50,923 [Worker-4] DEBUG class java.lang.Class - Andmore Device Services Plugin started.
2017-08-19 15:24:50,970 [Worker-4] DEBUG class java.lang.Class - Starting Andmore Handset Plugin...
2017-08-19 15:24:50,970 [Worker-4] DEBUG class java.lang.Class - Andmore Handset Plugin started.
2017-08-19 15:24:51,001 [Worker-4] DEBUG class java.lang.Class - Starting Andmore Remote Device Plugin...
2017-08-19 15:24:51,001 [Worker-4] DEBUG class java.lang.Class - Starting Andmore Remote Device Plugin started.
2017-08-19 15:24:51,032 [Worker-4] ERROR Studio for Android - Handler could not be instanced(PLUGIN=org.eclipse.sequoyah.device.framework;ERROR=202)
2017-08-19 15:24:51,032 [Worker-4] ERROR Studio for Android - Handler could not be instanced(PLUGIN=org.eclipse.sequoyah.device.framework;ERROR=202)
2017-08-19 15:24:51,032 [Worker-4] ERROR Studio for Android - Handler could not be instanced(PLUGIN=org.eclipse.sequoyah.device.framework;ERROR=202)
2017-08-19 15:24:51,032 [Worker-4] ERROR Studio for Android - Handler could not be instanced(PLUGIN=org.eclipse.sequoyah.device.framework;ERROR=202)
2017-08-19 15:24:51,032 [Worker-4] ERROR Studio for Android - Handler could not be instanced(PLUGIN=org.eclipse.sequoyah.device.framework;ERROR=202)
2017-08-19 15:24:51,032 [Worker-4] ERROR Studio for Android - Handler could not be instanced(PLUGIN=org.eclipse.sequoyah.device.framework;ERROR=202)
2017-08-19 15:24:51,032 [Worker-4] ERROR Studio for Android - Handler could not be instanced(PLUGIN=org.eclipse.sequoyah.device.framework;ERROR=202)
2017-08-19 15:24:51,032 [Worker-4] ERROR Studio for Android - Handler could not be instanced(PLUGIN=org.eclipse.sequoyah.device.framework;ERROR=202)
2017-08-19 15:24:51,032 [Worker-4] ERROR Studio for Android - Handler could not be instanced(PLUGIN=org.eclipse.sequoyah.device.framework;ERROR=202)
2017-08-19 15:24:51,032 [Worker-4] ERROR Studio for Android - Handler could not be instanced(PLUGIN=org.eclipse.sequoyah.device.framework;ERROR=202)
2017-08-19 15:24:51,032 [Worker-4] ERROR Studio for Android - Handler could not be instanced(PLUGIN=org.eclipse.sequoyah.device.framework;ERROR=202)
2017-08-19 15:24:51,032 [Worker-4] ERROR Studio for Android - Handler could not be instanced(PLUGIN=org.eclipse.sequoyah.device.framework;ERROR=202)
2017-08-19 15:24:51,032 [Worker-4] ERROR Studio for Android - Handler could not be instanced(PLUGIN=org.eclipse.sequoyah.device.framework;ERROR=202)
2017-08-19 15:24:51,032 [Worker-4] ERROR Studio for Android - Handler could not be instanced(PLUGIN=org.eclipse.sequoyah.device.framework;ERROR=202)
2017-08-19 15:24:51,032 [Worker-4] ERROR Studio for Android - Handler could not be instanced(PLUGIN=org.eclipse.sequoyah.device.framework;ERROR=202)
2017-08-19 15:24:51,032 [Worker-4] ERROR Studio for Android - Handler could not be instanced(PLUGIN=org.eclipse.sequoyah.device.framework;ERROR=202)
2017-08-19 15:24:51,032 [Worker-4] ERROR Studio for Android - Handler could not be instanced(PLUGIN=org.eclipse.sequoyah.device.framework;ERROR=202)
2017-08-19 15:24:51,032 [Worker-4] ERROR Studio for Android - Handler could not be instanced(PLUGIN=org.eclipse.sequoyah.device.framework;ERROR=202)
2017-08-19 15:24:51,032 [Worker-4] ERROR Studio for Android - Handler could not be instanced(PLUGIN=org.eclipse.sequoyah.device.framework;ERROR=202)
2017-08-19 15:24:51,032 [Worker-4] ERROR Studio for Android - Handler could not be instanced(PLUGIN=org.eclipse.sequoyah.device.framework;ERROR=202)
2017-08-19 15:24:51,032 [Worker-4] ERROR Studio for Android - Handler could not be instanced(PLUGIN=org.eclipse.sequoyah.device.framework;ERROR=202)
2017-08-19 15:24:51,032 [Worker-4] ERROR Studio for Android - Handler could not be instanced(PLUGIN=org.eclipse.sequoyah.device.framework;ERROR=202)
2017-08-19 15:24:51,032 [Worker-4] ERROR Studio for Android - Handler could not be instanced(PLUGIN=org.eclipse.sequoyah.device.framework;ERROR=202)
2017-08-19 15:24:51,032 [Worker-4] ERROR Studio for Android - Handler could not be instanced(PLUGIN=org.eclipse.sequoyah.device.framework;ERROR=202)
2017-08-19 15:24:51,032 [Worker-4] ERROR Studio for Android - Handler could not be instanced(PLUGIN=org.eclipse.sequoyah.device.framework;ERROR=202)
2017-08-19 15:24:51,032 [Worker-4] ERROR Studio for Android - Handler could not be instanced(PLUGIN=org.eclipse.sequoyah.device.framework;ERROR=202)
2017-08-19 15:24:51,032 [Worker-4] ERROR Studio for Android - Handler could not be instanced(PLUGIN=org.eclipse.sequoyah.device.framework;ERROR=202)
2017-08-19 15:24:51,032 [Worker-4] ERROR Studio for Android - Handler could not be instanced(PLUGIN=org.eclipse.sequoyah.device.framework;ERROR=202)
2017-08-19 15:24:51,032 [Worker-4] ERROR Studio for Android - Handler could not be instanced(PLUGIN=org.eclipse.sequoyah.device.framework;ERROR=202)
2017-08-19 15:24:51,032 [Worker-4] ERROR Studio for Android - Handler could not be instanced(PLUGIN=org.eclipse.sequoyah.device.framework;ERROR=202)
2017-08-19 15:24:51,032 [Worker-4] INFO  Studio for Android - [Status: id=org.eclipse.andmore.android.emulator.status.offline;name=Offline]
2017-08-19 15:24:51,032 [Worker-4] INFO  Studio for Android - [Status: id=org.eclipse.andmore.android.handset.status.handsetonline;name=Online]
2017-08-19 15:24:51,032 [Worker-4] INFO  Studio for Android - [Status: id=INACTIVE;name=INACTIVE]
2017-08-19 15:24:51,032 [Worker-4] INFO  Studio for Android - [Status: id=org.eclipse.andmore.android.emulator.status.notavailable;name=Not available]
2017-08-19 15:24:51,032 [Worker-4] INFO  Studio for Android - [Status: id=IDLE;name=IDLE]
2017-08-19 15:24:51,032 [Worker-4] INFO  Studio for Android - [Status: id=org.eclipse.andmore.android.remote.status.connected;name=Connected]
2017-08-19 15:24:51,032 [Worker-4] INFO  Studio for Android - [Status: id=org.eclipse.andmore.android.remote.status.disconnected;name=Disconnected]
2017-08-19 15:24:51,032 [Worker-4] INFO  Studio for Android - [Status: id=org.eclipse.andmore.android.emulator.status.online;name=Online]
2017-08-19 15:24:51,032 [Worker-4] INFO  Studio for Android - [Status: id=OFF;name=OFF]
2017-08-19 15:24:51,032 [Worker-4] INFO  Studio for Android - [Status: id=org.eclipse.andmore.android.emulator.status.offlineNoData;name=Offline (no user data)]
2017-08-19 15:25:49,561 [ModalContext] ERROR Studio for Android - org.eclipse.sequoyah.localization.tools.managers.LocalizationManager: Error getting Localization Schema
2017-08-19 15:25:49,561 [ModalContext] ERROR Studio for Android - org.eclipse.sequoyah.localization.tools.managers.LocalizationManager: Error getting Localization Schema
2017-08-19 15:25:49,561 [ModalContext] ERROR Studio for Android - org.eclipse.sequoyah.localization.tools.managers.LocalizationManager: Error getting Localization Schema
2017-08-19 15:25:49,561 [ModalContext] ERROR Studio for Android - org.eclipse.sequoyah.localization.tools.managers.LocalizationManager: Error getting Localization Schema
2017-08-19 15:25:49,561 [ModalContext] ERROR Studio for Android - org.eclipse.sequoyah.localization.tools.managers.LocalizationManager: Error getting Localization Schema
2017-08-19 15:25:49,561 [ModalContext] ERROR Studio for Android - org.eclipse.sequoyah.localization.tools.managers.LocalizationManager: Error getting Localization Schema
2017-08-19 15:25:49,561 [ModalContext] ERROR Studio for Android - org.eclipse.sequoyah.localization.tools.managers.LocalizationManager: Error getting Localization Schema
2017-08-19 15:25:49,561 [ModalContext] ERROR Studio for Android - org.eclipse.sequoyah.localization.tools.managers.LocalizationManager: Error getting Localization Schema
2017-08-19 15:25:49,561 [ModalContext] ERROR Studio for Android - org.eclipse.sequoyah.localization.tools.managers.LocalizationManager: Error getting Localization Schema
2017-08-19 15:25:49,561 [ModalContext] ERROR Studio for Android - org.eclipse.sequoyah.localization.tools.managers.LocalizationManager: Error getting Localization Schema
2017-08-19 15:25:49,561 [ModalContext] ERROR Studio for Android - org.eclipse.sequoyah.localization.tools.managers.LocalizationManager: Error getting Localization Schema
2017-08-19 15:25:49,561 [ModalContext] ERROR Studio for Android - org.eclipse.sequoyah.localization.tools.managers.LocalizationManager: Error getting Localization Schema
2017-08-19 15:25:49,561 [ModalContext] ERROR Studio for Android - org.eclipse.sequoyah.localization.tools.managers.LocalizationManager: Error getting Localization Schema
2017-08-19 15:25:49,561 [ModalContext] ERROR Studio for Android - org.eclipse.sequoyah.localization.tools.managers.LocalizationManager: Error getting Localization Schema
2017-08-19 15:25:49,561 [ModalContext] ERROR Studio for Android - org.eclipse.sequoyah.localization.tools.managers.LocalizationManager: Error getting Localization Schema
2017-08-19 15:25:49,561 [ModalContext] ERROR Studio for Android - org.eclipse.sequoyah.localization.tools.managers.LocalizationManager: Error getting Localization Schema
2017-08-19 15:25:49,561 [ModalContext] ERROR Studio for Android - org.eclipse.sequoyah.localization.tools.managers.LocalizationManager: Error getting Localization Schema
2017-08-19 15:25:49,561 [ModalContext] ERROR Studio for Android - org.eclipse.sequoyah.localization.tools.managers.LocalizationManager: Error getting Localization Schema
2017-08-19 15:25:49,561 [ModalContext] ERROR Studio for Android - org.eclipse.sequoyah.localization.tools.managers.LocalizationManager: Error getting Localization Schema
2017-08-19 15:25:49,561 [ModalContext] ERROR Studio for Android - org.eclipse.sequoyah.localization.tools.managers.LocalizationManager: Error getting Localization Schema
2017-08-19 15:25:49,561 [ModalContext] ERROR Studio for Android - org.eclipse.sequoyah.localization.tools.managers.LocalizationManager: Error getting Localization Schema
2017-08-19 15:25:49,561 [ModalContext] ERROR Studio for Android - org.eclipse.sequoyah.localization.tools.managers.LocalizationManager: Error getting Localization Schema
2017-08-19 15:25:49,561 [ModalContext] ERROR Studio for Android - org.eclipse.sequoyah.localization.tools.managers.LocalizationManager: Error getting Localization Schema
2017-08-19 15:25:49,561 [ModalContext] ERROR Studio for Android - org.eclipse.sequoyah.localization.tools.managers.LocalizationManager: Error getting Localization Schema
2017-08-19 15:25:49,561 [ModalContext] ERROR Studio for Android - org.eclipse.sequoyah.localization.tools.managers.LocalizationManager: Error getting Localization Schema
2017-08-19 15:25:49,561 [ModalContext] ERROR Studio for Android - org.eclipse.sequoyah.localization.tools.managers.LocalizationManager: Error getting Localization Schema
2017-08-19 15:25:49,561 [ModalContext] ERROR Studio for Android - org.eclipse.sequoyah.localization.tools.managers.LocalizationManager: Error getting Localization Schema
2017-08-19 15:25:49,561 [ModalContext] ERROR Studio for Android - org.eclipse.sequoyah.localization.tools.managers.LocalizationManager: Error getting Localization Schema
2017-08-19 15:25:49,561 [ModalContext] ERROR Studio for Android - org.eclipse.sequoyah.localization.tools.managers.LocalizationManager: Error getting Localization Schema
2017-08-19 15:25:49,561 [ModalContext] ERROR Studio for Android - org.eclipse.sequoyah.localization.tools.managers.LocalizationManager: Error getting Localization Schema
2017-08-19 15:25:49,561 [ModalContext] ERROR Studio for Android - org.eclipse.sequoyah.localization.tools.managers.LocalizationManager: Error getting Localization Schema
2017-08-19 15:25:49,561 [ModalContext] ERROR Studio for Android - org.eclipse.sequoyah.localization.tools.managers.LocalizationManager: Error getting Localization Schema
2017-08-19 15:25:49,561 [ModalContext] ERROR Studio for Android - org.eclipse.sequoyah.localization.tools.managers.LocalizationManager: Error getting Localization Schema
2017-08-19 15:25:49,561 [ModalContext] ERROR Studio for Android - org.eclipse.sequoyah.localization.tools.managers.LocalizationManager: Error getting Localization Schema
2017-08-19 15:25:49,561 [ModalContext] ERROR Studio for Android - org.eclipse.sequoyah.localization.tools.managers.LocalizationManager: Error getting Localization Schema
2017-08-19 15:25:49,561 [ModalContext] ERROR Studio for Android - org.eclipse.sequoyah.localization.tools.managers.LocalizationManager: Error getting Localization Schema
2017-08-19 15:25:49,561 [ModalContext] ERROR Studio for Android - org.eclipse.sequoyah.localization.tools.managers.LocalizationManager: Error getting Localization Schema
2017-08-19 15:25:49,561 [ModalContext] ERROR Studio for Android - org.eclipse.sequoyah.localization.tools.managers.LocalizationManager: Error getting Localization Schema
2017-08-19 15:26:19,321 [main] DEBUG class java.lang.Class - Starting Eclipse Andmore Database Core Plugin...
2017-08-19 15:26:19,383 [main] DEBUG Studio for Android - JDBC Driver Location:bundleentry://69.fwk971256592/res/androidjdbc.jar JDBC Driver getBundle().getLocation():reference:file:plugins/org.eclipse.andmore.android.common_0.5.0.201605181018.jar
2017-08-19 15:26:19,383 [main] DEBUG Studio for Android - JDBC Driver Path:C:\Users\NGUYENHOANGVANNHA\.eclipse\org.eclipse.platform_4.6.3_248562372_win32_win32_x86_64\configuration\org.eclipse.osgi\69\0\.cp\res\androidjdbc.jar
2017-08-19 15:26:19,383 [main] DEBUG Studio for Android - JDBC Driver Location:bundleentry://69.fwk971256592/res/androidjdbc.jar JDBC Driver getBundle().getLocation():reference:file:plugins/org.eclipse.andmore.android.common_0.5.0.201605181018.jar
2017-08-19 15:26:19,383 [main] DEBUG Studio for Android - JDBC Driver Path:C:\Users\NGUYENHOANGVANNHA\.eclipse\org.eclipse.platform_4.6.3_248562372_win32_win32_x86_64\configuration\org.eclipse.osgi\69\0\.cp\res\androidjdbc.jar
2017-08-19 15:26:19,383 [main] DEBUG class java.lang.Class - Eclipse Andmore Database Core Plugin started.
2017-08-19 15:26:19,383 [main] DEBUG class java.lang.Class - Starting Eclipse Andmore Database Devices Support Plugin...
2017-08-19 15:26:19,399 [main] DEBUG class java.lang.Class - Eclipse Andmore Database Devices Support Plugin started...
2017-08-19 15:26:20,649 [Framework stop] DEBUG Studio for Android - org.eclipse.sequoyah.device.service.start.StartServicePlugin-SHUTDOWN
2017-08-19 15:26:20,680 [Framework stop] DEBUG Studio for Android - org.eclipse.sequoyah.device.framework.ui.DeviceUIPlugin-SHUTDOWN
2017-08-19 15:26:20,680 [Framework stop] DEBUG Studio for Android - org.eclipse.sequoyah.device.service.stop.StopServicePlugin-SHUTDOWN
2017-08-19 15:26:20,680 [Framework stop] DEBUG Studio for Android - org.eclipse.sequoyah.device.framework.DevicePlugin-SHUTDOWN
